ARM GAS  C:\Users\baciu\AppData\Local\Temp\cckAnDUp.s 			page 1


   1              		.cpu cortex-m4
   2              		.eabi_attribute 20, 1
   3              		.eabi_attribute 21, 1
   4              		.eabi_attribute 23, 3
   5              		.eabi_attribute 24, 1
   6              		.eabi_attribute 25, 1
   7              		.eabi_attribute 26, 1
   8              		.eabi_attribute 30, 2
   9              		.eabi_attribute 34, 1
  10              		.eabi_attribute 18, 4
  11              		.file	"chcore.c"
  12              		.file 1 "d:\\facultate\\vub_sem1\\operating_systems\\project\\chibistudio_windows_2020-04\\chibist
  13              		.file 2 "d:\\facultate\\vub_sem1\\operating_systems\\project\\chibistudio_windows_2020-04\\chibist
  14              		.file 3 "d:\\facultate\\vub_sem1\\operating_systems\\project\\chibistudio_windows_2020-04\\chibist
  15              		.file 4 "../../../os/common/ports/ARMCMx/compilers/GCC/chtypes.h"
  16              		.file 5 "../../../os/rt/include/chsystypes.h"
  17              		.file 6 "../../../os/rt/include/chschd.h"
  18              		.file 7 "../../../os/rt/include/chtime.h"
  19              		.file 8 "../../../os/common/ext/ARM/CMSIS/Core/Include/core_cm4.h"
  20              		.file 9 "../../../os/common/ext/ST/STM32F4xx/system_stm32f4xx.h"
  21              		.file 10 "../../../os/common/ports/ARMCMx/chcore.h"
  22              		.file 11 "../../../os/common/ports/ARMCMx/chcore_v7m.h"
  23              		.file 12 "../../../os/rt/include/chtm.h"
  24              		.file 13 "../../../os/rt/include/chsem.h"
  25              		.file 14 "../../../os/rt/include/chmtx.h"
  26              		.file 15 "../../../os/rt/include/chsys.h"
  27              		.file 16 "../../../os/rt/include/chregistry.h"
  28              		.file 17 "../../../os/oslib/include/chmemcore.h"
  29              		.file 18 "../../../os/oslib/include/chmempools.h"
  30              		.file 19 "../../../os/oslib/include/chfactory.h"
  31              		.section	.gnu.debuglto_.debug_info,"e",%progbits
  32              	.Ldebug_info0:
  33              		.hidden	chcore.c.d5796781
  34              		.weak	chcore.c.d5796781
  35              	chcore.c.d5796781:
  36 0000 380A0000 		.4byte	0xa38
  37 0004 0400     		.2byte	0x4
  38 0006 00000000 		.4byte	.Ldebug_abbrev0
  39 000a 04       		.byte	0x4
  40 000b 01       		.uleb128 0x1
  41 000c 08020000 		.4byte	.LASF144
  42 0010 0C       		.byte	0xc
  43 0011 7C010000 		.4byte	.LASF145
  44 0015 94030000 		.4byte	.LASF146
  45 0019 00000000 		.4byte	.Ldebug_line0
  46 001d 02       		.uleb128 0x2
  47 001e 04       		.byte	0x4
  48 001f 05       		.byte	0x5
  49 0020 696E7400 		.ascii	"int\000"
  50 0024 03       		.uleb128 0x3
  51 0025 0D000000 		.4byte	.LASF4
  52 0029 01       		.byte	0x1
  53 002a D1       		.byte	0xd1
  54 002b 17       		.byte	0x17
  55 002c 30000000 		.4byte	0x30
  56 0030 04       		.uleb128 0x4
  57 0031 04       		.byte	0x4
ARM GAS  C:\Users\baciu\AppData\Local\Temp\cckAnDUp.s 			page 2


  58 0032 07       		.byte	0x7
  59 0033 FB010000 		.4byte	.LASF0
  60 0037 04       		.uleb128 0x4
  61 0038 08       		.byte	0x8
  62 0039 05       		.byte	0x5
  63 003a ED000000 		.4byte	.LASF1
  64 003e 04       		.uleb128 0x4
  65 003f 08       		.byte	0x8
  66 0040 04       		.byte	0x4
  67 0041 A0040000 		.4byte	.LASF2
  68 0045 04       		.uleb128 0x4
  69 0046 01       		.byte	0x1
  70 0047 06       		.byte	0x6
  71 0048 FB000000 		.4byte	.LASF3
  72 004c 03       		.uleb128 0x3
  73 004d 2A000000 		.4byte	.LASF5
  74 0051 02       		.byte	0x2
  75 0052 2B       		.byte	0x2b
  76 0053 18       		.byte	0x18
  77 0054 58000000 		.4byte	0x58
  78 0058 04       		.uleb128 0x4
  79 0059 01       		.byte	0x1
  80 005a 08       		.byte	0x8
  81 005b 58050000 		.4byte	.LASF6
  82 005f 04       		.uleb128 0x4
  83 0060 02       		.byte	0x2
  84 0061 05       		.byte	0x5
  85 0062 7C050000 		.4byte	.LASF7
  86 0066 03       		.uleb128 0x3
  87 0067 53060000 		.4byte	.LASF8
  88 006b 02       		.byte	0x2
  89 006c 39       		.byte	0x39
  90 006d 19       		.byte	0x19
  91 006e 72000000 		.4byte	0x72
  92 0072 04       		.uleb128 0x4
  93 0073 02       		.byte	0x2
  94 0074 07       		.byte	0x7
  95 0075 A9060000 		.4byte	.LASF9
  96 0079 03       		.uleb128 0x3
  97 007a 42040000 		.4byte	.LASF10
  98 007e 02       		.byte	0x2
  99 007f 4D       		.byte	0x4d
 100 0080 18       		.byte	0x18
 101 0081 85000000 		.4byte	0x85
 102 0085 04       		.uleb128 0x4
 103 0086 04       		.byte	0x4
 104 0087 05       		.byte	0x5
 105 0088 28010000 		.4byte	.LASF11
 106 008c 03       		.uleb128 0x3
 107 008d 71010000 		.4byte	.LASF12
 108 0091 02       		.byte	0x2
 109 0092 4F       		.byte	0x4f
 110 0093 19       		.byte	0x19
 111 0094 98000000 		.4byte	0x98
 112 0098 04       		.uleb128 0x4
 113 0099 04       		.byte	0x4
 114 009a 07       		.byte	0x7
ARM GAS  C:\Users\baciu\AppData\Local\Temp\cckAnDUp.s 			page 3


 115 009b 26060000 		.4byte	.LASF13
 116 009f 03       		.uleb128 0x3
 117 00a0 F6040000 		.4byte	.LASF14
 118 00a4 02       		.byte	0x2
 119 00a5 69       		.byte	0x69
 120 00a6 19       		.byte	0x19
 121 00a7 AB000000 		.4byte	0xab
 122 00ab 04       		.uleb128 0x4
 123 00ac 08       		.byte	0x8
 124 00ad 07       		.byte	0x7
 125 00ae 73000000 		.4byte	.LASF15
 126 00b2 03       		.uleb128 0x3
 127 00b3 08070000 		.4byte	.LASF16
 128 00b7 03       		.byte	0x3
 129 00b8 18       		.byte	0x18
 130 00b9 13       		.byte	0x13
 131 00ba 4C000000 		.4byte	0x4c
 132 00be 05       		.uleb128 0x5
 133 00bf B2000000 		.4byte	0xb2
 134 00c3 03       		.uleb128 0x3
 135 00c4 52010000 		.4byte	.LASF17
 136 00c8 03       		.byte	0x3
 137 00c9 24       		.byte	0x24
 138 00ca 14       		.byte	0x14
 139 00cb 66000000 		.4byte	0x66
 140 00cf 03       		.uleb128 0x3
 141 00d0 50050000 		.4byte	.LASF18
 142 00d4 03       		.byte	0x3
 143 00d5 2C       		.byte	0x2c
 144 00d6 13       		.byte	0x13
 145 00d7 79000000 		.4byte	0x79
 146 00db 06       		.uleb128 0x6
 147 00dc CF000000 		.4byte	0xcf
 148 00e0 03       		.uleb128 0x3
 149 00e1 00060000 		.4byte	.LASF19
 150 00e5 03       		.byte	0x3
 151 00e6 30       		.byte	0x30
 152 00e7 14       		.byte	0x14
 153 00e8 8C000000 		.4byte	0x8c
 154 00ec 03       		.uleb128 0x3
 155 00ed 21000000 		.4byte	.LASF20
 156 00f1 03       		.byte	0x3
 157 00f2 3C       		.byte	0x3c
 158 00f3 14       		.byte	0x14
 159 00f4 9F000000 		.4byte	0x9f
 160 00f8 03       		.uleb128 0x3
 161 00f9 6E040000 		.4byte	.LASF21
 162 00fd 04       		.byte	0x4
 163 00fe 27       		.byte	0x27
 164 00ff 1D       		.byte	0x1d
 165 0100 E0000000 		.4byte	0xe0
 166 0104 03       		.uleb128 0x3
 167 0105 8C030000 		.4byte	.LASF22
 168 0109 04       		.byte	0x4
 169 010a 2A       		.byte	0x2a
 170 010b 1D       		.byte	0x1d
 171 010c B2000000 		.4byte	0xb2
ARM GAS  C:\Users\baciu\AppData\Local\Temp\cckAnDUp.s 			page 4


 172 0110 03       		.uleb128 0x3
 173 0111 31010000 		.4byte	.LASF23
 174 0115 04       		.byte	0x4
 175 0116 2B       		.byte	0x2b
 176 0117 1D       		.byte	0x1d
 177 0118 B2000000 		.4byte	0xb2
 178 011c 03       		.uleb128 0x3
 179 011d 0B050000 		.4byte	.LASF24
 180 0121 04       		.byte	0x4
 181 0122 2C       		.byte	0x2c
 182 0123 1D       		.byte	0x1d
 183 0124 B2000000 		.4byte	0xb2
 184 0128 03       		.uleb128 0x3
 185 0129 37050000 		.4byte	.LASF25
 186 012d 04       		.byte	0x4
 187 012e 2E       		.byte	0x2e
 188 012f 1D       		.byte	0x1d
 189 0130 E0000000 		.4byte	0xe0
 190 0134 03       		.uleb128 0x3
 191 0135 57030000 		.4byte	.LASF26
 192 0139 04       		.byte	0x4
 193 013a 2F       		.byte	0x2f
 194 013b 1D       		.byte	0x1d
 195 013c CF000000 		.4byte	0xcf
 196 0140 03       		.uleb128 0x3
 197 0141 28040000 		.4byte	.LASF27
 198 0145 04       		.byte	0x4
 199 0146 31       		.byte	0x31
 200 0147 1D       		.byte	0x1d
 201 0148 E0000000 		.4byte	0xe0
 202 014c 03       		.uleb128 0x3
 203 014d F5010000 		.4byte	.LASF28
 204 0151 04       		.byte	0x4
 205 0152 33       		.byte	0x33
 206 0153 1D       		.byte	0x1d
 207 0154 CF000000 		.4byte	0xcf
 208 0158 03       		.uleb128 0x3
 209 0159 5D030000 		.4byte	.LASF29
 210 015d 04       		.byte	0x4
 211 015e 34       		.byte	0x34
 212 015f 1D       		.byte	0x1d
 213 0160 E0000000 		.4byte	0xe0
 214 0164 03       		.uleb128 0x3
 215 0165 5E060000 		.4byte	.LASF30
 216 0169 05       		.byte	0x5
 217 016a 34       		.byte	0x34
 218 016b 1A       		.byte	0x1a
 219 016c 70010000 		.4byte	0x170
 220 0170 07       		.uleb128 0x7
 221 0171 4D030000 		.4byte	.LASF48
 222 0175 44       		.byte	0x44
 223 0176 06       		.byte	0x6
 224 0177 8E       		.byte	0x8e
 225 0178 08       		.byte	0x8
 226 0179 60020000 		.4byte	0x260
 227 017d 08       		.uleb128 0x8
 228 017e 2F030000 		.4byte	.LASF31
ARM GAS  C:\Users\baciu\AppData\Local\Temp\cckAnDUp.s 			page 5


 229 0182 06       		.byte	0x6
 230 0183 8F       		.byte	0x8f
 231 0184 19       		.byte	0x19
 232 0185 99020000 		.4byte	0x299
 233 0189 00       		.byte	0
 234 018a 08       		.uleb128 0x8
 235 018b E0040000 		.4byte	.LASF32
 236 018f 06       		.byte	0x6
 237 0190 90       		.byte	0x90
 238 0191 19       		.byte	0x19
 239 0192 28010000 		.4byte	0x128
 240 0196 08       		.byte	0x8
 241 0197 09       		.uleb128 0x9
 242 0198 63747800 		.ascii	"ctx\000"
 243 019c 06       		.byte	0x6
 244 019d 91       		.byte	0x91
 245 019e 19       		.byte	0x19
 246 019f 9D050000 		.4byte	0x59d
 247 01a3 0C       		.byte	0xc
 248 01a4 08       		.uleb128 0x8
 249 01a5 57040000 		.4byte	.LASF33
 250 01a9 06       		.byte	0x6
 251 01aa 93       		.byte	0x93
 252 01ab 1A       		.byte	0x1a
 253 01ac 6C020000 		.4byte	0x26c
 254 01b0 10       		.byte	0x10
 255 01b1 08       		.uleb128 0x8
 256 01b2 44060000 		.4byte	.LASF34
 257 01b6 06       		.byte	0x6
 258 01b7 94       		.byte	0x94
 259 01b8 1A       		.byte	0x1a
 260 01b9 6C020000 		.4byte	0x26c
 261 01bd 14       		.byte	0x14
 262 01be 08       		.uleb128 0x8
 263 01bf 2A030000 		.4byte	.LASF35
 264 01c3 06       		.byte	0x6
 265 01c4 9B       		.byte	0x9b
 266 01c5 1A       		.byte	0x1a
 267 01c6 BC060000 		.4byte	0x6bc
 268 01ca 18       		.byte	0x18
 269 01cb 08       		.uleb128 0x8
 270 01cc 38060000 		.4byte	.LASF36
 271 01d0 06       		.byte	0x6
 272 01d1 A4       		.byte	0xa4
 273 01d2 1A       		.byte	0x1a
 274 01d3 D3060000 		.4byte	0x6d3
 275 01d7 1C       		.byte	0x1c
 276 01d8 08       		.uleb128 0x8
 277 01d9 22010000 		.4byte	.LASF37
 278 01dd 06       		.byte	0x6
 279 01de A9       		.byte	0xa9
 280 01df 19       		.byte	0x19
 281 01e0 10010000 		.4byte	0x110
 282 01e4 20       		.byte	0x20
 283 01e5 08       		.uleb128 0x8
 284 01e6 10070000 		.4byte	.LASF38
 285 01ea 06       		.byte	0x6
ARM GAS  C:\Users\baciu\AppData\Local\Temp\cckAnDUp.s 			page 6


 286 01eb AD       		.byte	0xad
 287 01ec 19       		.byte	0x19
 288 01ed 04010000 		.4byte	0x104
 289 01f1 21       		.byte	0x21
 290 01f2 08       		.uleb128 0x8
 291 01f3 13050000 		.4byte	.LASF39
 292 01f7 06       		.byte	0x6
 293 01f8 B2       		.byte	0xb2
 294 01f9 19       		.byte	0x19
 295 01fa 1C010000 		.4byte	0x11c
 296 01fe 22       		.byte	0x22
 297 01ff 0A       		.uleb128 0xa
 298 0200 7500     		.ascii	"u\000"
 299 0202 06       		.byte	0x6
 300 0203 0301     		.2byte	0x103
 301 0205 19       		.byte	0x19
 302 0206 E2050000 		.4byte	0x5e2
 303 020a 24       		.byte	0x24
 304 020b 0B       		.uleb128 0xb
 305 020c BE010000 		.4byte	.LASF40
 306 0210 06       		.byte	0x6
 307 0211 0801     		.2byte	0x108
 308 0213 19       		.byte	0x19
 309 0214 72020000 		.4byte	0x272
 310 0218 28       		.byte	0x28
 311 0219 0B       		.uleb128 0xb
 312 021a 19010000 		.4byte	.LASF41
 313 021e 06       		.byte	0x6
 314 021f 0E01     		.2byte	0x10e
 315 0221 19       		.byte	0x19
 316 0222 99020000 		.4byte	0x299
 317 0226 2C       		.byte	0x2c
 318 0227 0B       		.uleb128 0xb
 319 0228 64030000 		.4byte	.LASF42
 320 022c 06       		.byte	0x6
 321 022d 1401     		.2byte	0x114
 322 022f 19       		.byte	0x19
 323 0230 40010000 		.4byte	0x140
 324 0234 34       		.byte	0x34
 325 0235 0B       		.uleb128 0xb
 326 0236 5C070000 		.4byte	.LASF43
 327 023a 06       		.byte	0x6
 328 023b 1B01     		.2byte	0x11b
 329 023d 1A       		.byte	0x1a
 330 023e B6060000 		.4byte	0x6b6
 331 0242 38       		.byte	0x38
 332 0243 0B       		.uleb128 0xb
 333 0244 5D040000 		.4byte	.LASF44
 334 0248 06       		.byte	0x6
 335 0249 1F01     		.2byte	0x11f
 336 024b 19       		.byte	0x19
 337 024c 28010000 		.4byte	0x128
 338 0250 3C       		.byte	0x3c
 339 0251 0B       		.uleb128 0xb
 340 0252 35030000 		.4byte	.LASF45
 341 0256 06       		.byte	0x6
 342 0257 2601     		.2byte	0x126
ARM GAS  C:\Users\baciu\AppData\Local\Temp\cckAnDUp.s 			page 7


 343 0259 1A       		.byte	0x1a
 344 025a 59030000 		.4byte	0x359
 345 025e 40       		.byte	0x40
 346 025f 00       		.byte	0
 347 0260 03       		.uleb128 0x3
 348 0261 76040000 		.4byte	.LASF46
 349 0265 05       		.byte	0x5
 350 0266 39       		.byte	0x39
 351 0267 14       		.byte	0x14
 352 0268 6C020000 		.4byte	0x26c
 353 026c 0C       		.uleb128 0xc
 354 026d 04       		.byte	0x4
 355 026e 64010000 		.4byte	0x164
 356 0272 03       		.uleb128 0x3
 357 0273 27070000 		.4byte	.LASF47
 358 0277 05       		.byte	0x5
 359 0278 3E       		.byte	0x3e
 360 0279 20       		.byte	0x20
 361 027a 7E020000 		.4byte	0x27e
 362 027e 07       		.uleb128 0x7
 363 027f 10060000 		.4byte	.LASF49
 364 0283 04       		.byte	0x4
 365 0284 06       		.byte	0x6
 366 0285 7C       		.byte	0x7c
 367 0286 08       		.byte	0x8
 368 0287 99020000 		.4byte	0x299
 369 028b 08       		.uleb128 0x8
 370 028c D7000000 		.4byte	.LASF50
 371 0290 06       		.byte	0x6
 372 0291 7D       		.byte	0x7d
 373 0292 1A       		.byte	0x1a
 374 0293 6C020000 		.4byte	0x26c
 375 0297 00       		.byte	0
 376 0298 00       		.byte	0
 377 0299 03       		.uleb128 0x3
 378 029a E3060000 		.4byte	.LASF51
 379 029e 05       		.byte	0x5
 380 029f 45       		.byte	0x45
 381 02a0 21       		.byte	0x21
 382 02a1 A5020000 		.4byte	0x2a5
 383 02a5 07       		.uleb128 0x7
 384 02a6 DC000000 		.4byte	.LASF52
 385 02aa 08       		.byte	0x8
 386 02ab 06       		.byte	0x6
 387 02ac 83       		.byte	0x83
 388 02ad 08       		.byte	0x8
 389 02ae CD020000 		.4byte	0x2cd
 390 02b2 08       		.uleb128 0x8
 391 02b3 D7000000 		.4byte	.LASF50
 392 02b7 06       		.byte	0x6
 393 02b8 84       		.byte	0x84
 394 02b9 1A       		.byte	0x1a
 395 02ba 6C020000 		.4byte	0x26c
 396 02be 00       		.byte	0
 397 02bf 08       		.uleb128 0x8
 398 02c0 34000000 		.4byte	.LASF53
 399 02c4 06       		.byte	0x6
ARM GAS  C:\Users\baciu\AppData\Local\Temp\cckAnDUp.s 			page 8


 400 02c5 85       		.byte	0x85
 401 02c6 1A       		.byte	0x1a
 402 02c7 6C020000 		.4byte	0x26c
 403 02cb 04       		.byte	0x4
 404 02cc 00       		.byte	0
 405 02cd 03       		.uleb128 0x3
 406 02ce 00000000 		.4byte	.LASF54
 407 02d2 05       		.byte	0x5
 408 02d3 4C       		.byte	0x4c
 409 02d4 1E       		.byte	0x1e
 410 02d5 D9020000 		.4byte	0x2d9
 411 02d9 0D       		.uleb128 0xd
 412 02da 1A040000 		.4byte	.LASF55
 413 02de 1C       		.byte	0x1c
 414 02df 06       		.byte	0x6
 415 02e0 5E01     		.2byte	0x15e
 416 02e2 08       		.byte	0x8
 417 02e3 3C030000 		.4byte	0x33c
 418 02e7 0B       		.uleb128 0xb
 419 02e8 2F030000 		.4byte	.LASF31
 420 02ec 06       		.byte	0x6
 421 02ed 5F01     		.2byte	0x15f
 422 02ef 19       		.byte	0x19
 423 02f0 99020000 		.4byte	0x299
 424 02f4 00       		.byte	0
 425 02f5 0B       		.uleb128 0xb
 426 02f6 E0040000 		.4byte	.LASF32
 427 02fa 06       		.byte	0x6
 428 02fb 6001     		.2byte	0x160
 429 02fd 19       		.byte	0x19
 430 02fe 28010000 		.4byte	0x128
 431 0302 08       		.byte	0x8
 432 0303 0A       		.uleb128 0xa
 433 0304 63747800 		.ascii	"ctx\000"
 434 0308 06       		.byte	0x6
 435 0309 6201     		.2byte	0x162
 436 030b 19       		.byte	0x19
 437 030c 9D050000 		.4byte	0x59d
 438 0310 0C       		.byte	0xc
 439 0311 0B       		.uleb128 0xb
 440 0312 57040000 		.4byte	.LASF33
 441 0316 06       		.byte	0x6
 442 0317 6501     		.2byte	0x165
 443 0319 1A       		.byte	0x1a
 444 031a 6C020000 		.4byte	0x26c
 445 031e 10       		.byte	0x10
 446 031f 0B       		.uleb128 0xb
 447 0320 44060000 		.4byte	.LASF34
 448 0324 06       		.byte	0x6
 449 0325 6601     		.2byte	0x166
 450 0327 1A       		.byte	0x1a
 451 0328 6C020000 		.4byte	0x26c
 452 032c 14       		.byte	0x14
 453 032d 0B       		.uleb128 0xb
 454 032e EE040000 		.4byte	.LASF56
 455 0332 06       		.byte	0x6
 456 0333 6901     		.2byte	0x169
ARM GAS  C:\Users\baciu\AppData\Local\Temp\cckAnDUp.s 			page 9


 457 0335 1A       		.byte	0x1a
 458 0336 6C020000 		.4byte	0x26c
 459 033a 18       		.byte	0x18
 460 033b 00       		.byte	0
 461 033c 03       		.uleb128 0x3
 462 033d 7C060000 		.4byte	.LASF57
 463 0341 05       		.byte	0x5
 464 0342 51       		.byte	0x51
 465 0343 10       		.byte	0x10
 466 0344 48030000 		.4byte	0x348
 467 0348 0C       		.uleb128 0xc
 468 0349 04       		.byte	0x4
 469 034a 4E030000 		.4byte	0x34e
 470 034e 0E       		.uleb128 0xe
 471 034f 59030000 		.4byte	0x359
 472 0353 0F       		.uleb128 0xf
 473 0354 59030000 		.4byte	0x359
 474 0358 00       		.byte	0
 475 0359 10       		.uleb128 0x10
 476 035a 04       		.byte	0x4
 477 035b 03       		.uleb128 0x3
 478 035c 18050000 		.4byte	.LASF58
 479 0360 05       		.byte	0x5
 480 0361 56       		.byte	0x56
 481 0362 21       		.byte	0x21
 482 0363 67030000 		.4byte	0x367
 483 0367 0D       		.uleb128 0xd
 484 0368 B4050000 		.4byte	.LASF59
 485 036c 14       		.byte	0x14
 486 036d 06       		.byte	0x6
 487 036e 3901     		.2byte	0x139
 488 0370 08       		.byte	0x8
 489 0371 BC030000 		.4byte	0x3bc
 490 0375 0B       		.uleb128 0xb
 491 0376 D7000000 		.4byte	.LASF50
 492 037a 06       		.byte	0x6
 493 037b 3A01     		.2byte	0x13a
 494 037d 1A       		.byte	0x1a
 495 037e D9060000 		.4byte	0x6d9
 496 0382 00       		.byte	0
 497 0383 0B       		.uleb128 0xb
 498 0384 34000000 		.4byte	.LASF53
 499 0388 06       		.byte	0x6
 500 0389 3B01     		.2byte	0x13b
 501 038b 1A       		.byte	0x1a
 502 038c D9060000 		.4byte	0x6d9
 503 0390 04       		.byte	0x4
 504 0391 0B       		.uleb128 0xb
 505 0392 14000000 		.4byte	.LASF60
 506 0396 06       		.byte	0x6
 507 0397 3C01     		.2byte	0x13c
 508 0399 19       		.byte	0x19
 509 039a A4040000 		.4byte	0x4a4
 510 039e 08       		.byte	0x8
 511 039f 0B       		.uleb128 0xb
 512 03a0 3A010000 		.4byte	.LASF61
 513 03a4 06       		.byte	0x6
ARM GAS  C:\Users\baciu\AppData\Local\Temp\cckAnDUp.s 			page 10


 514 03a5 3D01     		.2byte	0x13d
 515 03a7 19       		.byte	0x19
 516 03a8 3C030000 		.4byte	0x33c
 517 03ac 0C       		.byte	0xc
 518 03ad 0A       		.uleb128 0xa
 519 03ae 70617200 		.ascii	"par\000"
 520 03b2 06       		.byte	0x6
 521 03b3 3F01     		.2byte	0x13f
 522 03b5 1A       		.byte	0x1a
 523 03b6 59030000 		.4byte	0x359
 524 03ba 10       		.byte	0x10
 525 03bb 00       		.byte	0
 526 03bc 03       		.uleb128 0x3
 527 03bd A6000000 		.4byte	.LASF62
 528 03c1 05       		.byte	0x5
 529 03c2 5B       		.byte	0x5b
 530 03c3 28       		.byte	0x28
 531 03c4 C8030000 		.4byte	0x3c8
 532 03c8 0D       		.uleb128 0xd
 533 03c9 89040000 		.4byte	.LASF63
 534 03cd 10       		.byte	0x10
 535 03ce 06       		.byte	0x6
 536 03cf 4901     		.2byte	0x149
 537 03d1 08       		.byte	0x8
 538 03d2 0F040000 		.4byte	0x40f
 539 03d6 0B       		.uleb128 0xb
 540 03d7 D7000000 		.4byte	.LASF50
 541 03db 06       		.byte	0x6
 542 03dc 4A01     		.2byte	0x14a
 543 03de 1A       		.byte	0x1a
 544 03df D9060000 		.4byte	0x6d9
 545 03e3 00       		.byte	0
 546 03e4 0B       		.uleb128 0xb
 547 03e5 34000000 		.4byte	.LASF53
 548 03e9 06       		.byte	0x6
 549 03ea 4C01     		.2byte	0x14c
 550 03ec 1A       		.byte	0x1a
 551 03ed D9060000 		.4byte	0x6d9
 552 03f1 04       		.byte	0x4
 553 03f2 0B       		.uleb128 0xb
 554 03f3 14000000 		.4byte	.LASF60
 555 03f7 06       		.byte	0x6
 556 03f8 4E01     		.2byte	0x14e
 557 03fa 19       		.byte	0x19
 558 03fb A4040000 		.4byte	0x4a4
 559 03ff 08       		.byte	0x8
 560 0400 0B       		.uleb128 0xb
 561 0401 86050000 		.4byte	.LASF64
 562 0405 06       		.byte	0x6
 563 0406 5601     		.2byte	0x156
 564 0408 19       		.byte	0x19
 565 0409 98040000 		.4byte	0x498
 566 040d 0C       		.byte	0xc
 567 040e 00       		.byte	0
 568 040f 03       		.uleb128 0x3
 569 0410 45000000 		.4byte	.LASF65
 570 0414 05       		.byte	0x5
ARM GAS  C:\Users\baciu\AppData\Local\Temp\cckAnDUp.s 			page 11


 571 0415 60       		.byte	0x60
 572 0416 20       		.byte	0x20
 573 0417 1B040000 		.4byte	0x41b
 574 041b 0D       		.uleb128 0xd
 575 041c AE010000 		.4byte	.LASF66
 576 0420 04       		.byte	0x4
 577 0421 06       		.byte	0x6
 578 0422 7001     		.2byte	0x170
 579 0424 08       		.byte	0x8
 580 0425 38040000 		.4byte	0x438
 581 0429 0B       		.uleb128 0xb
 582 042a 85060000 		.4byte	.LASF67
 583 042e 06       		.byte	0x6
 584 042f 7801     		.2byte	0x178
 585 0431 24       		.byte	0x24
 586 0432 C2060000 		.4byte	0x6c2
 587 0436 00       		.byte	0
 588 0437 00       		.byte	0
 589 0438 03       		.uleb128 0x3
 590 0439 78030000 		.4byte	.LASF68
 591 043d 05       		.byte	0x5
 592 043e 65       		.byte	0x65
 593 043f 1A       		.byte	0x1a
 594 0440 44040000 		.4byte	0x444
 595 0444 0D       		.uleb128 0xd
 596 0445 96050000 		.4byte	.LASF69
 597 0449 78       		.byte	0x78
 598 044a 06       		.byte	0x6
 599 044b 9001     		.2byte	0x190
 600 044d 08       		.byte	0x8
 601 044e 98040000 		.4byte	0x498
 602 0452 0B       		.uleb128 0xb
 603 0453 0C010000 		.4byte	.LASF70
 604 0457 06       		.byte	0x6
 605 0458 9401     		.2byte	0x194
 606 045a 19       		.byte	0x19
 607 045b CD020000 		.4byte	0x2cd
 608 045f 00       		.byte	0
 609 0460 0B       		.uleb128 0xb
 610 0461 12010000 		.4byte	.LASF71
 611 0465 06       		.byte	0x6
 612 0466 9801     		.2byte	0x198
 613 0468 19       		.byte	0x19
 614 0469 BC030000 		.4byte	0x3bc
 615 046d 1C       		.byte	0x1c
 616 046e 0A       		.uleb128 0xa
 617 046f 64626700 		.ascii	"dbg\000"
 618 0473 06       		.byte	0x6
 619 0474 9C01     		.2byte	0x19c
 620 0476 19       		.byte	0x19
 621 0477 0F040000 		.4byte	0x40f
 622 047b 2C       		.byte	0x2c
 623 047c 0B       		.uleb128 0xb
 624 047d 93000000 		.4byte	.LASF72
 625 0481 06       		.byte	0x6
 626 0482 A001     		.2byte	0x1a0
 627 0484 19       		.byte	0x19
ARM GAS  C:\Users\baciu\AppData\Local\Temp\cckAnDUp.s 			page 12


 628 0485 64010000 		.4byte	0x164
 629 0489 30       		.byte	0x30
 630 048a 0A       		.uleb128 0xa
 631 048b 746D00   		.ascii	"tm\000"
 632 048e 06       		.byte	0x6
 633 048f A501     		.2byte	0x1a5
 634 0491 19       		.byte	0x19
 635 0492 D6050000 		.4byte	0x5d6
 636 0496 74       		.byte	0x74
 637 0497 00       		.byte	0
 638 0498 03       		.uleb128 0x3
 639 0499 72060000 		.4byte	.LASF73
 640 049d 07       		.byte	0x7
 641 049e 6D       		.byte	0x6d
 642 049f 12       		.byte	0x12
 643 04a0 E0000000 		.4byte	0xe0
 644 04a4 03       		.uleb128 0x3
 645 04a5 E7010000 		.4byte	.LASF74
 646 04a9 07       		.byte	0x7
 647 04aa 79       		.byte	0x79
 648 04ab 12       		.byte	0x12
 649 04ac E0000000 		.4byte	0xe0
 650 04b0 11       		.uleb128 0x11
 651 04b1 BC000000 		.4byte	.LASF75
 652 04b5 08       		.byte	0x8
 653 04b6 0408     		.2byte	0x804
 654 04b8 19       		.byte	0x19
 655 04b9 DB000000 		.4byte	0xdb
 656 04bd 12       		.uleb128 0x12
 657 04be EF020000 		.4byte	.LASF76
 658 04c2 09       		.byte	0x9
 659 04c3 4C       		.byte	0x4c
 660 04c4 11       		.byte	0x11
 661 04c5 E0000000 		.4byte	0xe0
 662 04c9 13       		.uleb128 0x13
 663 04ca BE000000 		.4byte	0xbe
 664 04ce D9040000 		.4byte	0x4d9
 665 04d2 14       		.uleb128 0x14
 666 04d3 30000000 		.4byte	0x30
 667 04d7 0F       		.byte	0xf
 668 04d8 00       		.byte	0
 669 04d9 05       		.uleb128 0x5
 670 04da C9040000 		.4byte	0x4c9
 671 04de 12       		.uleb128 0x12
 672 04df 34040000 		.4byte	.LASF77
 673 04e3 09       		.byte	0x9
 674 04e4 4E       		.byte	0x4e
 675 04e5 17       		.byte	0x17
 676 04e6 D9040000 		.4byte	0x4d9
 677 04ea 13       		.uleb128 0x13
 678 04eb BE000000 		.4byte	0xbe
 679 04ef FA040000 		.4byte	0x4fa
 680 04f3 14       		.uleb128 0x14
 681 04f4 30000000 		.4byte	0x30
 682 04f8 07       		.byte	0x7
 683 04f9 00       		.byte	0
 684 04fa 05       		.uleb128 0x5
ARM GAS  C:\Users\baciu\AppData\Local\Temp\cckAnDUp.s 			page 13


 685 04fb EA040000 		.4byte	0x4ea
 686 04ff 12       		.uleb128 0x12
 687 0500 C6010000 		.4byte	.LASF78
 688 0504 09       		.byte	0x9
 689 0505 4F       		.byte	0x4f
 690 0506 17       		.byte	0x17
 691 0507 FA040000 		.4byte	0x4fa
 692 050b 03       		.uleb128 0x3
 693 050c 4C040000 		.4byte	.LASF79
 694 0510 0A       		.byte	0xa
 695 0511 68       		.byte	0x68
 696 0512 12       		.byte	0x12
 697 0513 EC000000 		.4byte	0xec
 698 0517 0D       		.uleb128 0xd
 699 0518 39000000 		.4byte	.LASF80
 700 051c 24       		.byte	0x24
 701 051d 0B       		.byte	0xb
 702 051e 8501     		.2byte	0x185
 703 0520 08       		.byte	0x8
 704 0521 9D050000 		.4byte	0x59d
 705 0525 0A       		.uleb128 0xa
 706 0526 723400   		.ascii	"r4\000"
 707 0529 0B       		.byte	0xb
 708 052a 9E01     		.2byte	0x19e
 709 052c 11       		.byte	0x11
 710 052d E0000000 		.4byte	0xe0
 711 0531 00       		.byte	0
 712 0532 0A       		.uleb128 0xa
 713 0533 723500   		.ascii	"r5\000"
 714 0536 0B       		.byte	0xb
 715 0537 9F01     		.2byte	0x19f
 716 0539 11       		.byte	0x11
 717 053a E0000000 		.4byte	0xe0
 718 053e 04       		.byte	0x4
 719 053f 0A       		.uleb128 0xa
 720 0540 723600   		.ascii	"r6\000"
 721 0543 0B       		.byte	0xb
 722 0544 A001     		.2byte	0x1a0
 723 0546 11       		.byte	0x11
 724 0547 E0000000 		.4byte	0xe0
 725 054b 08       		.byte	0x8
 726 054c 0A       		.uleb128 0xa
 727 054d 723700   		.ascii	"r7\000"
 728 0550 0B       		.byte	0xb
 729 0551 A101     		.2byte	0x1a1
 730 0553 11       		.byte	0x11
 731 0554 E0000000 		.4byte	0xe0
 732 0558 0C       		.byte	0xc
 733 0559 0A       		.uleb128 0xa
 734 055a 723800   		.ascii	"r8\000"
 735 055d 0B       		.byte	0xb
 736 055e A201     		.2byte	0x1a2
 737 0560 11       		.byte	0x11
 738 0561 E0000000 		.4byte	0xe0
 739 0565 10       		.byte	0x10
 740 0566 0A       		.uleb128 0xa
 741 0567 723900   		.ascii	"r9\000"
ARM GAS  C:\Users\baciu\AppData\Local\Temp\cckAnDUp.s 			page 14


 742 056a 0B       		.byte	0xb
 743 056b A301     		.2byte	0x1a3
 744 056d 11       		.byte	0x11
 745 056e E0000000 		.4byte	0xe0
 746 0572 14       		.byte	0x14
 747 0573 0A       		.uleb128 0xa
 748 0574 72313000 		.ascii	"r10\000"
 749 0578 0B       		.byte	0xb
 750 0579 A401     		.2byte	0x1a4
 751 057b 11       		.byte	0x11
 752 057c E0000000 		.4byte	0xe0
 753 0580 18       		.byte	0x18
 754 0581 0A       		.uleb128 0xa
 755 0582 72313100 		.ascii	"r11\000"
 756 0586 0B       		.byte	0xb
 757 0587 A501     		.2byte	0x1a5
 758 0589 11       		.byte	0x11
 759 058a E0000000 		.4byte	0xe0
 760 058e 1C       		.byte	0x1c
 761 058f 0A       		.uleb128 0xa
 762 0590 6C7200   		.ascii	"lr\000"
 763 0593 0B       		.byte	0xb
 764 0594 A601     		.2byte	0x1a6
 765 0596 11       		.byte	0x11
 766 0597 E0000000 		.4byte	0xe0
 767 059b 20       		.byte	0x20
 768 059c 00       		.byte	0
 769 059d 0D       		.uleb128 0xd
 770 059e C2040000 		.4byte	.LASF81
 771 05a2 04       		.byte	0x4
 772 05a3 0B       		.byte	0xb
 773 05a4 A901     		.2byte	0x1a9
 774 05a6 08       		.byte	0x8
 775 05a7 B9050000 		.4byte	0x5b9
 776 05ab 0A       		.uleb128 0xa
 777 05ac 737000   		.ascii	"sp\000"
 778 05af 0B       		.byte	0xb
 779 05b0 AA01     		.2byte	0x1aa
 780 05b2 1A       		.byte	0x1a
 781 05b3 B9050000 		.4byte	0x5b9
 782 05b7 00       		.byte	0
 783 05b8 00       		.byte	0
 784 05b9 0C       		.uleb128 0xc
 785 05ba 04       		.byte	0x4
 786 05bb 17050000 		.4byte	0x517
 787 05bf 15       		.uleb128 0x15
 788 05c0 04       		.byte	0x4
 789 05c1 0C       		.byte	0xc
 790 05c2 38       		.byte	0x38
 791 05c3 09       		.byte	0x9
 792 05c4 D6050000 		.4byte	0x5d6
 793 05c8 08       		.uleb128 0x8
 794 05c9 8F060000 		.4byte	.LASF82
 795 05cd 0C       		.byte	0xc
 796 05ce 3C       		.byte	0x3c
 797 05cf 19       		.byte	0x19
 798 05d0 F8000000 		.4byte	0xf8
ARM GAS  C:\Users\baciu\AppData\Local\Temp\cckAnDUp.s 			page 15


 799 05d4 00       		.byte	0
 800 05d5 00       		.byte	0
 801 05d6 03       		.uleb128 0x3
 802 05d7 CF040000 		.4byte	.LASF83
 803 05db 0C       		.byte	0xc
 804 05dc 3D       		.byte	0x3d
 805 05dd 03       		.byte	0x3
 806 05de BF050000 		.4byte	0x5bf
 807 05e2 16       		.uleb128 0x16
 808 05e3 04       		.byte	0x4
 809 05e4 06       		.byte	0x6
 810 05e5 C6       		.byte	0xc6
 811 05e6 03       		.byte	0x3
 812 05e7 4D060000 		.4byte	0x64d
 813 05eb 17       		.uleb128 0x17
 814 05ec 1A000000 		.4byte	.LASF84
 815 05f0 06       		.byte	0x6
 816 05f1 CD       		.byte	0xcd
 817 05f2 19       		.byte	0x19
 818 05f3 34010000 		.4byte	0x134
 819 05f7 17       		.uleb128 0x17
 820 05f8 8A000000 		.4byte	.LASF85
 821 05fc 06       		.byte	0x6
 822 05fd D4       		.byte	0xd4
 823 05fe 19       		.byte	0x19
 824 05ff 34010000 		.4byte	0x134
 825 0603 17       		.uleb128 0x17
 826 0604 20070000 		.4byte	.LASF86
 827 0608 06       		.byte	0x6
 828 0609 DB       		.byte	0xdb
 829 060a 1A       		.byte	0x1a
 830 060b 59030000 		.4byte	0x359
 831 060f 17       		.uleb128 0x17
 832 0610 06030000 		.4byte	.LASF87
 833 0614 06       		.byte	0x6
 834 0615 E2       		.byte	0xe2
 835 0616 1A       		.byte	0x1a
 836 0617 4D060000 		.4byte	0x64d
 837 061b 17       		.uleb128 0x17
 838 061c 9E000000 		.4byte	.LASF88
 839 0620 06       		.byte	0x6
 840 0621 E7       		.byte	0xe7
 841 0622 19       		.byte	0x19
 842 0623 34010000 		.4byte	0x134
 843 0627 17       		.uleb128 0x17
 844 0628 FF020000 		.4byte	.LASF89
 845 062c 06       		.byte	0x6
 846 062d F0       		.byte	0xf0
 847 062e 1A       		.byte	0x1a
 848 062f 7B060000 		.4byte	0x67b
 849 0633 17       		.uleb128 0x17
 850 0634 09060000 		.4byte	.LASF90
 851 0638 06       		.byte	0x6
 852 0639 F9       		.byte	0xf9
 853 063a 1A       		.byte	0x1a
 854 063b B6060000 		.4byte	0x6b6
 855 063f 18       		.uleb128 0x18
ARM GAS  C:\Users\baciu\AppData\Local\Temp\cckAnDUp.s 			page 16


 856 0640 8F050000 		.4byte	.LASF91
 857 0644 06       		.byte	0x6
 858 0645 0101     		.2byte	0x101
 859 0647 19       		.byte	0x19
 860 0648 40010000 		.4byte	0x140
 861 064c 00       		.byte	0
 862 064d 0C       		.uleb128 0xc
 863 064e 04       		.byte	0x4
 864 064f 60020000 		.4byte	0x260
 865 0653 07       		.uleb128 0x7
 866 0654 C5050000 		.4byte	.LASF92
 867 0658 0C       		.byte	0xc
 868 0659 0D       		.byte	0xd
 869 065a 34       		.byte	0x34
 870 065b 10       		.byte	0x10
 871 065c 7B060000 		.4byte	0x67b
 872 0660 08       		.uleb128 0x8
 873 0661 2F030000 		.4byte	.LASF31
 874 0665 0D       		.byte	0xd
 875 0666 35       		.byte	0x35
 876 0667 19       		.byte	0x19
 877 0668 99020000 		.4byte	0x299
 878 066c 00       		.byte	0
 879 066d 09       		.uleb128 0x9
 880 066e 636E7400 		.ascii	"cnt\000"
 881 0672 0D       		.byte	0xd
 882 0673 37       		.byte	0x37
 883 0674 19       		.byte	0x19
 884 0675 4C010000 		.4byte	0x14c
 885 0679 08       		.byte	0x8
 886 067a 00       		.byte	0
 887 067b 0C       		.uleb128 0xc
 888 067c 04       		.byte	0x4
 889 067d 53060000 		.4byte	0x653
 890 0681 07       		.uleb128 0x7
 891 0682 96060000 		.4byte	.LASF93
 892 0686 10       		.byte	0x10
 893 0687 0E       		.byte	0xe
 894 0688 39       		.byte	0x39
 895 0689 08       		.byte	0x8
 896 068a B6060000 		.4byte	0x6b6
 897 068e 08       		.uleb128 0x8
 898 068f 2F030000 		.4byte	.LASF31
 899 0693 0E       		.byte	0xe
 900 0694 3A       		.byte	0x3a
 901 0695 19       		.byte	0x19
 902 0696 99020000 		.4byte	0x299
 903 069a 00       		.byte	0
 904 069b 08       		.uleb128 0x8
 905 069c 20060000 		.4byte	.LASF94
 906 06a0 0E       		.byte	0xe
 907 06a1 3C       		.byte	0x3c
 908 06a2 1A       		.byte	0x1a
 909 06a3 6C020000 		.4byte	0x26c
 910 06a7 08       		.byte	0x8
 911 06a8 08       		.uleb128 0x8
 912 06a9 D7000000 		.4byte	.LASF50
ARM GAS  C:\Users\baciu\AppData\Local\Temp\cckAnDUp.s 			page 17


 913 06ad 0E       		.byte	0xe
 914 06ae 3E       		.byte	0x3e
 915 06af 1A       		.byte	0x1a
 916 06b0 30080000 		.4byte	0x830
 917 06b4 0C       		.byte	0xc
 918 06b5 00       		.byte	0
 919 06b6 0C       		.uleb128 0xc
 920 06b7 04       		.byte	0x4
 921 06b8 81060000 		.4byte	0x681
 922 06bc 0C       		.uleb128 0xc
 923 06bd 04       		.byte	0x4
 924 06be CE060000 		.4byte	0x6ce
 925 06c2 06       		.uleb128 0x6
 926 06c3 BC060000 		.4byte	0x6bc
 927 06c7 04       		.uleb128 0x4
 928 06c8 01       		.byte	0x1
 929 06c9 08       		.byte	0x8
 930 06ca 3F060000 		.4byte	.LASF95
 931 06ce 05       		.uleb128 0x5
 932 06cf C7060000 		.4byte	0x6c7
 933 06d3 0C       		.uleb128 0xc
 934 06d4 04       		.byte	0x4
 935 06d5 0B050000 		.4byte	0x50b
 936 06d9 0C       		.uleb128 0xc
 937 06da 04       		.byte	0x4
 938 06db 5B030000 		.4byte	0x35b
 939 06df 19       		.uleb128 0x19
 940 06e0 636800   		.ascii	"ch\000"
 941 06e3 06       		.byte	0x6
 942 06e4 C701     		.2byte	0x1c7
 943 06e6 14       		.byte	0x14
 944 06e7 38040000 		.4byte	0x438
 945 06eb 13       		.uleb128 0x13
 946 06ec 0B050000 		.4byte	0x50b
 947 06f0 F6060000 		.4byte	0x6f6
 948 06f4 1A       		.uleb128 0x1a
 949 06f5 00       		.byte	0
 950 06f6 11       		.uleb128 0x11
 951 06f7 DB050000 		.4byte	.LASF96
 952 06fb 0F       		.byte	0xf
 953 06fc 1701     		.2byte	0x117
 954 06fe 13       		.byte	0x13
 955 06ff EB060000 		.4byte	0x6eb
 956 0703 15       		.uleb128 0x15
 957 0704 16       		.byte	0x16
 958 0705 10       		.byte	0x10
 959 0706 34       		.byte	0x34
 960 0707 09       		.byte	0x9
 961 0708 F7070000 		.4byte	0x7f7
 962 070c 08       		.uleb128 0x8
 963 070d 3F010000 		.4byte	.LASF97
 964 0711 10       		.byte	0x10
 965 0712 35       		.byte	0x35
 966 0713 0D       		.byte	0xd
 967 0714 F7070000 		.4byte	0x7f7
 968 0718 00       		.byte	0
 969 0719 08       		.uleb128 0x8
ARM GAS  C:\Users\baciu\AppData\Local\Temp\cckAnDUp.s 			page 18


 970 071a D4010000 		.4byte	.LASF98
 971 071e 10       		.byte	0x10
 972 071f 36       		.byte	0x36
 973 0720 0D       		.byte	0xd
 974 0721 B2000000 		.4byte	0xb2
 975 0725 04       		.byte	0x4
 976 0726 08       		.uleb128 0x8
 977 0727 07010000 		.4byte	.LASF99
 978 072b 10       		.byte	0x10
 979 072c 37       		.byte	0x37
 980 072d 0D       		.byte	0xd
 981 072e B2000000 		.4byte	0xb2
 982 0732 05       		.byte	0x5
 983 0733 08       		.uleb128 0x8
 984 0734 66040000 		.4byte	.LASF100
 985 0738 10       		.byte	0x10
 986 0739 38       		.byte	0x38
 987 073a 0D       		.byte	0xd
 988 073b C3000000 		.4byte	0xc3
 989 073f 06       		.byte	0x6
 990 0740 08       		.uleb128 0x8
 991 0741 C8060000 		.4byte	.LASF101
 992 0745 10       		.byte	0x10
 993 0746 39       		.byte	0x39
 994 0747 0D       		.byte	0xd
 995 0748 B2000000 		.4byte	0xb2
 996 074c 08       		.byte	0x8
 997 074d 08       		.uleb128 0x8
 998 074e ED050000 		.4byte	.LASF102
 999 0752 10       		.byte	0x10
 1000 0753 3A       		.byte	0x3a
 1001 0754 0D       		.byte	0xd
 1002 0755 B2000000 		.4byte	0xb2
 1003 0759 09       		.byte	0x9
 1004 075a 08       		.uleb128 0x8
 1005 075b 3F050000 		.4byte	.LASF103
 1006 075f 10       		.byte	0x10
 1007 0760 3B       		.byte	0x3b
 1008 0761 0D       		.byte	0xd
 1009 0762 B2000000 		.4byte	0xb2
 1010 0766 0A       		.byte	0xa
 1011 0767 08       		.uleb128 0x8
 1012 0768 66050000 		.4byte	.LASF104
 1013 076c 10       		.byte	0x10
 1014 076d 3C       		.byte	0x3c
 1015 076e 0D       		.byte	0xd
 1016 076f B2000000 		.4byte	0xb2
 1017 0773 0B       		.byte	0xb
 1018 0774 08       		.uleb128 0x8
 1019 0775 84030000 		.4byte	.LASF105
 1020 0779 10       		.byte	0x10
 1021 077a 3D       		.byte	0x3d
 1022 077b 0D       		.byte	0xd
 1023 077c B2000000 		.4byte	0xb2
 1024 0780 0C       		.byte	0xc
 1025 0781 08       		.uleb128 0x8
 1026 0782 B8040000 		.4byte	.LASF106
ARM GAS  C:\Users\baciu\AppData\Local\Temp\cckAnDUp.s 			page 19


 1027 0786 10       		.byte	0x10
 1028 0787 3E       		.byte	0x3e
 1029 0788 0D       		.byte	0xd
 1030 0789 B2000000 		.4byte	0xb2
 1031 078d 0D       		.byte	0xd
 1032 078e 08       		.uleb128 0x8
 1033 078f 9F060000 		.4byte	.LASF107
 1034 0793 10       		.byte	0x10
 1035 0794 3F       		.byte	0x3f
 1036 0795 0D       		.byte	0xd
 1037 0796 B2000000 		.4byte	0xb2
 1038 079a 0E       		.byte	0xe
 1039 079b 08       		.uleb128 0x8
 1040 079c FF060000 		.4byte	.LASF108
 1041 07a0 10       		.byte	0x10
 1042 07a1 40       		.byte	0x40
 1043 07a2 0D       		.byte	0xd
 1044 07a3 B2000000 		.4byte	0xb2
 1045 07a7 0F       		.byte	0xf
 1046 07a8 08       		.uleb128 0x8
 1047 07a9 6F050000 		.4byte	.LASF109
 1048 07ad 10       		.byte	0x10
 1049 07ae 41       		.byte	0x41
 1050 07af 0D       		.byte	0xd
 1051 07b0 B2000000 		.4byte	0xb2
 1052 07b4 10       		.byte	0x10
 1053 07b5 08       		.uleb128 0x8
 1054 07b6 36070000 		.4byte	.LASF110
 1055 07ba 10       		.byte	0x10
 1056 07bb 42       		.byte	0x42
 1057 07bc 0D       		.byte	0xd
 1058 07bd B2000000 		.4byte	0xb2
 1059 07c1 11       		.byte	0x11
 1060 07c2 08       		.uleb128 0x8
 1061 07c3 52070000 		.4byte	.LASF111
 1062 07c7 10       		.byte	0x10
 1063 07c8 43       		.byte	0x43
 1064 07c9 0D       		.byte	0xd
 1065 07ca B2000000 		.4byte	0xb2
 1066 07ce 12       		.byte	0x12
 1067 07cf 08       		.uleb128 0x8
 1068 07d0 3B030000 		.4byte	.LASF112
 1069 07d4 10       		.byte	0x10
 1070 07d5 44       		.byte	0x44
 1071 07d6 0D       		.byte	0xd
 1072 07d7 B2000000 		.4byte	0xb2
 1073 07db 13       		.byte	0x13
 1074 07dc 08       		.uleb128 0x8
 1075 07dd 65010000 		.4byte	.LASF113
 1076 07e1 10       		.byte	0x10
 1077 07e2 45       		.byte	0x45
 1078 07e3 0D       		.byte	0xd
 1079 07e4 B2000000 		.4byte	0xb2
 1080 07e8 14       		.byte	0x14
 1081 07e9 08       		.uleb128 0x8
 1082 07ea D2050000 		.4byte	.LASF114
 1083 07ee 10       		.byte	0x10
ARM GAS  C:\Users\baciu\AppData\Local\Temp\cckAnDUp.s 			page 20


 1084 07ef 46       		.byte	0x46
 1085 07f0 0D       		.byte	0xd
 1086 07f1 B2000000 		.4byte	0xb2
 1087 07f5 15       		.byte	0x15
 1088 07f6 00       		.byte	0
 1089 07f7 13       		.uleb128 0x13
 1090 07f8 C7060000 		.4byte	0x6c7
 1091 07fc 07080000 		.4byte	0x807
 1092 0800 14       		.uleb128 0x14
 1093 0801 30000000 		.4byte	0x30
 1094 0805 03       		.byte	0x3
 1095 0806 00       		.byte	0
 1096 0807 03       		.uleb128 0x3
 1097 0808 5B010000 		.4byte	.LASF115
 1098 080c 10       		.byte	0x10
 1099 080d 47       		.byte	0x47
 1100 080e 03       		.byte	0x3
 1101 080f 03070000 		.4byte	0x703
 1102 0813 05       		.uleb128 0x5
 1103 0814 07080000 		.4byte	0x807
 1104 0818 12       		.uleb128 0x12
 1105 0819 13030000 		.4byte	.LASF116
 1106 081d 10       		.byte	0x10
 1107 081e 6C       		.byte	0x6c
 1108 081f 1D       		.byte	0x1d
 1109 0820 13080000 		.4byte	0x813
 1110 0824 03       		.uleb128 0x3
 1111 0825 D9010000 		.4byte	.LASF117
 1112 0829 0E       		.byte	0xe
 1113 082a 34       		.byte	0x34
 1114 082b 19       		.byte	0x19
 1115 082c 81060000 		.4byte	0x681
 1116 0830 0C       		.uleb128 0xc
 1117 0831 04       		.byte	0x4
 1118 0832 24080000 		.4byte	0x824
 1119 0836 04       		.uleb128 0x4
 1120 0837 01       		.byte	0x1
 1121 0838 02       		.byte	0x2
 1122 0839 4A050000 		.4byte	.LASF118
 1123 083d 03       		.uleb128 0x3
 1124 083e 66000000 		.4byte	.LASF119
 1125 0842 11       		.byte	0x11
 1126 0843 47       		.byte	0x47
 1127 0844 11       		.byte	0x11
 1128 0845 49080000 		.4byte	0x849
 1129 0849 0C       		.uleb128 0xc
 1130 084a 04       		.byte	0x4
 1131 084b 4F080000 		.4byte	0x84f
 1132 084f 1B       		.uleb128 0x1b
 1133 0850 59030000 		.4byte	0x359
 1134 0854 63080000 		.4byte	0x863
 1135 0858 0F       		.uleb128 0xf
 1136 0859 24000000 		.4byte	0x24
 1137 085d 0F       		.uleb128 0xf
 1138 085e 30000000 		.4byte	0x30
 1139 0862 00       		.byte	0
 1140 0863 15       		.uleb128 0x15
ARM GAS  C:\Users\baciu\AppData\Local\Temp\cckAnDUp.s 			page 21


 1141 0864 08       		.byte	0x8
 1142 0865 11       		.byte	0x11
 1143 0866 51       		.byte	0x51
 1144 0867 09       		.byte	0x9
 1145 0868 87080000 		.4byte	0x887
 1146 086c 08       		.uleb128 0x8
 1147 086d 4A010000 		.4byte	.LASF120
 1148 0871 11       		.byte	0x11
 1149 0872 55       		.byte	0x55
 1150 0873 0C       		.byte	0xc
 1151 0874 87080000 		.4byte	0x887
 1152 0878 00       		.byte	0
 1153 0879 08       		.uleb128 0x8
 1154 087a 0C030000 		.4byte	.LASF121
 1155 087e 11       		.byte	0x11
 1156 087f 59       		.byte	0x59
 1157 0880 0C       		.byte	0xc
 1158 0881 87080000 		.4byte	0x887
 1159 0885 04       		.byte	0x4
 1160 0886 00       		.byte	0
 1161 0887 0C       		.uleb128 0xc
 1162 0888 04       		.byte	0x4
 1163 0889 B2000000 		.4byte	0xb2
 1164 088d 03       		.uleb128 0x3
 1165 088e 01050000 		.4byte	.LASF122
 1166 0892 11       		.byte	0x11
 1167 0893 5A       		.byte	0x5a
 1168 0894 03       		.byte	0x3
 1169 0895 63080000 		.4byte	0x863
 1170 0899 12       		.uleb128 0x12
 1171 089a 67060000 		.4byte	.LASF123
 1172 089e 11       		.byte	0x11
 1173 089f 75       		.byte	0x75
 1174 08a0 12       		.byte	0x12
 1175 08a1 8D080000 		.4byte	0x88d
 1176 08a5 07       		.uleb128 0x7
 1177 08a6 F3060000 		.4byte	.LASF124
 1178 08aa 04       		.byte	0x4
 1179 08ab 12       		.byte	0x12
 1180 08ac 38       		.byte	0x38
 1181 08ad 08       		.byte	0x8
 1182 08ae C0080000 		.4byte	0x8c0
 1183 08b2 08       		.uleb128 0x8
 1184 08b3 D7000000 		.4byte	.LASF50
 1185 08b7 12       		.byte	0x12
 1186 08b8 39       		.byte	0x39
 1187 08b9 1A       		.byte	0x1a
 1188 08ba C0080000 		.4byte	0x8c0
 1189 08be 00       		.byte	0
 1190 08bf 00       		.byte	0
 1191 08c0 0C       		.uleb128 0xc
 1192 08c1 04       		.byte	0x4
 1193 08c2 A5080000 		.4byte	0x8a5
 1194 08c6 15       		.uleb128 0x15
 1195 08c7 10       		.byte	0x10
 1196 08c8 12       		.byte	0x12
 1197 08c9 40       		.byte	0x40
ARM GAS  C:\Users\baciu\AppData\Local\Temp\cckAnDUp.s 			page 22


 1198 08ca 09       		.byte	0x9
 1199 08cb 04090000 		.4byte	0x904
 1200 08cf 08       		.uleb128 0x8
 1201 08d0 D7000000 		.4byte	.LASF50
 1202 08d4 12       		.byte	0x12
 1203 08d5 41       		.byte	0x41
 1204 08d6 1A       		.byte	0x1a
 1205 08d7 C0080000 		.4byte	0x8c0
 1206 08db 00       		.byte	0
 1207 08dc 08       		.uleb128 0x8
 1208 08dd BC060000 		.4byte	.LASF125
 1209 08e1 12       		.byte	0x12
 1210 08e2 42       		.byte	0x42
 1211 08e3 19       		.byte	0x19
 1212 08e4 24000000 		.4byte	0x24
 1213 08e8 04       		.byte	0x4
 1214 08e9 08       		.uleb128 0x8
 1215 08ea E1010000 		.4byte	.LASF126
 1216 08ee 12       		.byte	0x12
 1217 08ef 44       		.byte	0x44
 1218 08f0 19       		.byte	0x19
 1219 08f1 30000000 		.4byte	0x30
 1220 08f5 08       		.byte	0x8
 1221 08f6 08       		.uleb128 0x8
 1222 08f7 54000000 		.4byte	.LASF127
 1223 08fb 12       		.byte	0x12
 1224 08fc 45       		.byte	0x45
 1225 08fd 19       		.byte	0x19
 1226 08fe 3D080000 		.4byte	0x83d
 1227 0902 0C       		.byte	0xc
 1228 0903 00       		.byte	0
 1229 0904 03       		.uleb128 0x3
 1230 0905 1C030000 		.4byte	.LASF128
 1231 0909 12       		.byte	0x12
 1232 090a 47       		.byte	0x47
 1233 090b 03       		.byte	0x3
 1234 090c C6080000 		.4byte	0x8c6
 1235 0910 07       		.uleb128 0x7
 1236 0911 28050000 		.4byte	.LASF129
 1237 0915 10       		.byte	0x10
 1238 0916 13       		.byte	0x13
 1239 0917 A9       		.byte	0xa9
 1240 0918 10       		.byte	0x10
 1241 0919 45090000 		.4byte	0x945
 1242 091d 08       		.uleb128 0x8
 1243 091e D7000000 		.4byte	.LASF50
 1244 0922 13       		.byte	0x13
 1245 0923 AD       		.byte	0xad
 1246 0924 1A       		.byte	0x1a
 1247 0925 45090000 		.4byte	0x945
 1248 0929 00       		.byte	0
 1249 092a 08       		.uleb128 0x8
 1250 092b 13050000 		.4byte	.LASF39
 1251 092f 13       		.byte	0x13
 1252 0930 B1       		.byte	0xb1
 1253 0931 19       		.byte	0x19
 1254 0932 58010000 		.4byte	0x158
ARM GAS  C:\Users\baciu\AppData\Local\Temp\cckAnDUp.s 			page 23


 1255 0936 04       		.byte	0x4
 1256 0937 08       		.uleb128 0x8
 1257 0938 2A030000 		.4byte	.LASF35
 1258 093c 13       		.byte	0x13
 1259 093d B3       		.byte	0xb3
 1260 093e 19       		.byte	0x19
 1261 093f 4B090000 		.4byte	0x94b
 1262 0943 08       		.byte	0x8
 1263 0944 00       		.byte	0
 1264 0945 0C       		.uleb128 0xc
 1265 0946 04       		.byte	0x4
 1266 0947 10090000 		.4byte	0x910
 1267 094b 13       		.uleb128 0x13
 1268 094c C7060000 		.4byte	0x6c7
 1269 0950 5B090000 		.4byte	0x95b
 1270 0954 14       		.uleb128 0x14
 1271 0955 30000000 		.4byte	0x30
 1272 0959 07       		.byte	0x7
 1273 095a 00       		.byte	0
 1274 095b 03       		.uleb128 0x3
 1275 095c C9000000 		.4byte	.LASF130
 1276 0960 13       		.byte	0x13
 1277 0961 B7       		.byte	0xb7
 1278 0962 03       		.byte	0x3
 1279 0963 10090000 		.4byte	0x910
 1280 0967 07       		.uleb128 0x7
 1281 0968 AC040000 		.4byte	.LASF131
 1282 096c 04       		.byte	0x4
 1283 096d 13       		.byte	0x13
 1284 096e BC       		.byte	0xbc
 1285 096f 10       		.byte	0x10
 1286 0970 82090000 		.4byte	0x982
 1287 0974 08       		.uleb128 0x8
 1288 0975 D7000000 		.4byte	.LASF50
 1289 0979 13       		.byte	0x13
 1290 097a BD       		.byte	0xbd
 1291 097b 1A       		.byte	0x1a
 1292 097c 82090000 		.4byte	0x982
 1293 0980 00       		.byte	0
 1294 0981 00       		.byte	0
 1295 0982 0C       		.uleb128 0xc
 1296 0983 04       		.byte	0x4
 1297 0984 5B090000 		.4byte	0x95b
 1298 0988 03       		.uleb128 0x3
 1299 0989 6D030000 		.4byte	.LASF132
 1300 098d 13       		.byte	0x13
 1301 098e BE       		.byte	0xbe
 1302 098f 03       		.byte	0x3
 1303 0990 67090000 		.4byte	0x967
 1304 0994 0D       		.uleb128 0xd
 1305 0995 D0060000 		.4byte	.LASF133
 1306 0999 48       		.byte	0x48
 1307 099a 13       		.byte	0x13
 1308 099b 2001     		.2byte	0x120
 1309 099d 10       		.byte	0x10
 1310 099e 210A0000 		.4byte	0xa21
 1311 09a2 0A       		.uleb128 0xa
ARM GAS  C:\Users\baciu\AppData\Local\Temp\cckAnDUp.s 			page 24


 1312 09a3 6D747800 		.ascii	"mtx\000"
 1313 09a7 13       		.byte	0x13
 1314 09a8 2501     		.2byte	0x125
 1315 09aa 19       		.byte	0x19
 1316 09ab 24080000 		.4byte	0x824
 1317 09af 00       		.byte	0
 1318 09b0 0B       		.uleb128 0xb
 1319 09b1 4A060000 		.4byte	.LASF134
 1320 09b5 13       		.byte	0x13
 1321 09b6 2C01     		.2byte	0x12c
 1322 09b8 19       		.byte	0x19
 1323 09b9 88090000 		.4byte	0x988
 1324 09bd 10       		.byte	0x10
 1325 09be 0B       		.uleb128 0xb
 1326 09bf AB050000 		.4byte	.LASF135
 1327 09c3 13       		.byte	0x13
 1328 09c4 3001     		.2byte	0x130
 1329 09c6 19       		.byte	0x19
 1330 09c7 04090000 		.4byte	0x904
 1331 09cb 14       		.byte	0x14
 1332 09cc 0B       		.uleb128 0xb
 1333 09cd 44030000 		.4byte	.LASF136
 1334 09d1 13       		.byte	0x13
 1335 09d2 3501     		.2byte	0x135
 1336 09d4 19       		.byte	0x19
 1337 09d5 88090000 		.4byte	0x988
 1338 09d9 24       		.byte	0x24
 1339 09da 0B       		.uleb128 0xb
 1340 09db 5D000000 		.4byte	.LASF137
 1341 09df 13       		.byte	0x13
 1342 09e0 3B01     		.2byte	0x13b
 1343 09e2 19       		.byte	0x19
 1344 09e3 88090000 		.4byte	0x988
 1345 09e7 28       		.byte	0x28
 1346 09e8 0B       		.uleb128 0xb
 1347 09e9 E5040000 		.4byte	.LASF138
 1348 09ed 13       		.byte	0x13
 1349 09ee 3F01     		.2byte	0x13f
 1350 09f0 19       		.byte	0x19
 1351 09f1 04090000 		.4byte	0x904
 1352 09f5 2C       		.byte	0x2c
 1353 09f6 0B       		.uleb128 0xb
 1354 09f7 A5010000 		.4byte	.LASF139
 1355 09fb 13       		.byte	0x13
 1356 09fc 4501     		.2byte	0x145
 1357 09fe 19       		.byte	0x19
 1358 09ff 88090000 		.4byte	0x988
 1359 0a03 3C       		.byte	0x3c
 1360 0a04 0B       		.uleb128 0xb
 1361 0a05 16070000 		.4byte	.LASF140
 1362 0a09 13       		.byte	0x13
 1363 0a0a 4B01     		.2byte	0x14b
 1364 0a0c 19       		.byte	0x19
 1365 0a0d 88090000 		.4byte	0x988
 1366 0a11 40       		.byte	0x40
 1367 0a12 0B       		.uleb128 0xb
 1368 0a13 F6050000 		.4byte	.LASF141
ARM GAS  C:\Users\baciu\AppData\Local\Temp\cckAnDUp.s 			page 25


 1369 0a17 13       		.byte	0x13
 1370 0a18 5101     		.2byte	0x151
 1371 0a1a 19       		.byte	0x19
 1372 0a1b 88090000 		.4byte	0x988
 1373 0a1f 44       		.byte	0x44
 1374 0a20 00       		.byte	0
 1375 0a21 1C       		.uleb128 0x1c
 1376 0a22 40070000 		.4byte	.LASF142
 1377 0a26 13       		.byte	0x13
 1378 0a27 5301     		.2byte	0x153
 1379 0a29 03       		.byte	0x3
 1380 0a2a 94090000 		.4byte	0x994
 1381 0a2e 11       		.uleb128 0x11
 1382 0a2f A0050000 		.4byte	.LASF143
 1383 0a33 13       		.byte	0x13
 1384 0a34 5E01     		.2byte	0x15e
 1385 0a36 1A       		.byte	0x1a
 1386 0a37 210A0000 		.4byte	0xa21
 1387 0a3b 00       		.byte	0
 1388              		.section	.gnu.debuglto_.debug_abbrev,"e",%progbits
 1389              	.Ldebug_abbrev0:
 1390 0000 01       		.uleb128 0x1
 1391 0001 11       		.uleb128 0x11
 1392 0002 01       		.byte	0x1
 1393 0003 25       		.uleb128 0x25
 1394 0004 0E       		.uleb128 0xe
 1395 0005 13       		.uleb128 0x13
 1396 0006 0B       		.uleb128 0xb
 1397 0007 03       		.uleb128 0x3
 1398 0008 0E       		.uleb128 0xe
 1399 0009 1B       		.uleb128 0x1b
 1400 000a 0E       		.uleb128 0xe
 1401 000b 10       		.uleb128 0x10
 1402 000c 17       		.uleb128 0x17
 1403 000d 00       		.byte	0
 1404 000e 00       		.byte	0
 1405 000f 02       		.uleb128 0x2
 1406 0010 24       		.uleb128 0x24
 1407 0011 00       		.byte	0
 1408 0012 0B       		.uleb128 0xb
 1409 0013 0B       		.uleb128 0xb
 1410 0014 3E       		.uleb128 0x3e
 1411 0015 0B       		.uleb128 0xb
 1412 0016 03       		.uleb128 0x3
 1413 0017 08       		.uleb128 0x8
 1414 0018 00       		.byte	0
 1415 0019 00       		.byte	0
 1416 001a 03       		.uleb128 0x3
 1417 001b 16       		.uleb128 0x16
 1418 001c 00       		.byte	0
 1419 001d 03       		.uleb128 0x3
 1420 001e 0E       		.uleb128 0xe
 1421 001f 3A       		.uleb128 0x3a
 1422 0020 0B       		.uleb128 0xb
 1423 0021 3B       		.uleb128 0x3b
 1424 0022 0B       		.uleb128 0xb
 1425 0023 39       		.uleb128 0x39
ARM GAS  C:\Users\baciu\AppData\Local\Temp\cckAnDUp.s 			page 26


 1426 0024 0B       		.uleb128 0xb
 1427 0025 49       		.uleb128 0x49
 1428 0026 13       		.uleb128 0x13
 1429 0027 00       		.byte	0
 1430 0028 00       		.byte	0
 1431 0029 04       		.uleb128 0x4
 1432 002a 24       		.uleb128 0x24
 1433 002b 00       		.byte	0
 1434 002c 0B       		.uleb128 0xb
 1435 002d 0B       		.uleb128 0xb
 1436 002e 3E       		.uleb128 0x3e
 1437 002f 0B       		.uleb128 0xb
 1438 0030 03       		.uleb128 0x3
 1439 0031 0E       		.uleb128 0xe
 1440 0032 00       		.byte	0
 1441 0033 00       		.byte	0
 1442 0034 05       		.uleb128 0x5
 1443 0035 26       		.uleb128 0x26
 1444 0036 00       		.byte	0
 1445 0037 49       		.uleb128 0x49
 1446 0038 13       		.uleb128 0x13
 1447 0039 00       		.byte	0
 1448 003a 00       		.byte	0
 1449 003b 06       		.uleb128 0x6
 1450 003c 35       		.uleb128 0x35
 1451 003d 00       		.byte	0
 1452 003e 49       		.uleb128 0x49
 1453 003f 13       		.uleb128 0x13
 1454 0040 00       		.byte	0
 1455 0041 00       		.byte	0
 1456 0042 07       		.uleb128 0x7
 1457 0043 13       		.uleb128 0x13
 1458 0044 01       		.byte	0x1
 1459 0045 03       		.uleb128 0x3
 1460 0046 0E       		.uleb128 0xe
 1461 0047 0B       		.uleb128 0xb
 1462 0048 0B       		.uleb128 0xb
 1463 0049 3A       		.uleb128 0x3a
 1464 004a 0B       		.uleb128 0xb
 1465 004b 3B       		.uleb128 0x3b
 1466 004c 0B       		.uleb128 0xb
 1467 004d 39       		.uleb128 0x39
 1468 004e 0B       		.uleb128 0xb
 1469 004f 01       		.uleb128 0x1
 1470 0050 13       		.uleb128 0x13
 1471 0051 00       		.byte	0
 1472 0052 00       		.byte	0
 1473 0053 08       		.uleb128 0x8
 1474 0054 0D       		.uleb128 0xd
 1475 0055 00       		.byte	0
 1476 0056 03       		.uleb128 0x3
 1477 0057 0E       		.uleb128 0xe
 1478 0058 3A       		.uleb128 0x3a
 1479 0059 0B       		.uleb128 0xb
 1480 005a 3B       		.uleb128 0x3b
 1481 005b 0B       		.uleb128 0xb
 1482 005c 39       		.uleb128 0x39
ARM GAS  C:\Users\baciu\AppData\Local\Temp\cckAnDUp.s 			page 27


 1483 005d 0B       		.uleb128 0xb
 1484 005e 49       		.uleb128 0x49
 1485 005f 13       		.uleb128 0x13
 1486 0060 38       		.uleb128 0x38
 1487 0061 0B       		.uleb128 0xb
 1488 0062 00       		.byte	0
 1489 0063 00       		.byte	0
 1490 0064 09       		.uleb128 0x9
 1491 0065 0D       		.uleb128 0xd
 1492 0066 00       		.byte	0
 1493 0067 03       		.uleb128 0x3
 1494 0068 08       		.uleb128 0x8
 1495 0069 3A       		.uleb128 0x3a
 1496 006a 0B       		.uleb128 0xb
 1497 006b 3B       		.uleb128 0x3b
 1498 006c 0B       		.uleb128 0xb
 1499 006d 39       		.uleb128 0x39
 1500 006e 0B       		.uleb128 0xb
 1501 006f 49       		.uleb128 0x49
 1502 0070 13       		.uleb128 0x13
 1503 0071 38       		.uleb128 0x38
 1504 0072 0B       		.uleb128 0xb
 1505 0073 00       		.byte	0
 1506 0074 00       		.byte	0
 1507 0075 0A       		.uleb128 0xa
 1508 0076 0D       		.uleb128 0xd
 1509 0077 00       		.byte	0
 1510 0078 03       		.uleb128 0x3
 1511 0079 08       		.uleb128 0x8
 1512 007a 3A       		.uleb128 0x3a
 1513 007b 0B       		.uleb128 0xb
 1514 007c 3B       		.uleb128 0x3b
 1515 007d 05       		.uleb128 0x5
 1516 007e 39       		.uleb128 0x39
 1517 007f 0B       		.uleb128 0xb
 1518 0080 49       		.uleb128 0x49
 1519 0081 13       		.uleb128 0x13
 1520 0082 38       		.uleb128 0x38
 1521 0083 0B       		.uleb128 0xb
 1522 0084 00       		.byte	0
 1523 0085 00       		.byte	0
 1524 0086 0B       		.uleb128 0xb
 1525 0087 0D       		.uleb128 0xd
 1526 0088 00       		.byte	0
 1527 0089 03       		.uleb128 0x3
 1528 008a 0E       		.uleb128 0xe
 1529 008b 3A       		.uleb128 0x3a
 1530 008c 0B       		.uleb128 0xb
 1531 008d 3B       		.uleb128 0x3b
 1532 008e 05       		.uleb128 0x5
 1533 008f 39       		.uleb128 0x39
 1534 0090 0B       		.uleb128 0xb
 1535 0091 49       		.uleb128 0x49
 1536 0092 13       		.uleb128 0x13
 1537 0093 38       		.uleb128 0x38
 1538 0094 0B       		.uleb128 0xb
 1539 0095 00       		.byte	0
ARM GAS  C:\Users\baciu\AppData\Local\Temp\cckAnDUp.s 			page 28


 1540 0096 00       		.byte	0
 1541 0097 0C       		.uleb128 0xc
 1542 0098 0F       		.uleb128 0xf
 1543 0099 00       		.byte	0
 1544 009a 0B       		.uleb128 0xb
 1545 009b 0B       		.uleb128 0xb
 1546 009c 49       		.uleb128 0x49
 1547 009d 13       		.uleb128 0x13
 1548 009e 00       		.byte	0
 1549 009f 00       		.byte	0
 1550 00a0 0D       		.uleb128 0xd
 1551 00a1 13       		.uleb128 0x13
 1552 00a2 01       		.byte	0x1
 1553 00a3 03       		.uleb128 0x3
 1554 00a4 0E       		.uleb128 0xe
 1555 00a5 0B       		.uleb128 0xb
 1556 00a6 0B       		.uleb128 0xb
 1557 00a7 3A       		.uleb128 0x3a
 1558 00a8 0B       		.uleb128 0xb
 1559 00a9 3B       		.uleb128 0x3b
 1560 00aa 05       		.uleb128 0x5
 1561 00ab 39       		.uleb128 0x39
 1562 00ac 0B       		.uleb128 0xb
 1563 00ad 01       		.uleb128 0x1
 1564 00ae 13       		.uleb128 0x13
 1565 00af 00       		.byte	0
 1566 00b0 00       		.byte	0
 1567 00b1 0E       		.uleb128 0xe
 1568 00b2 15       		.uleb128 0x15
 1569 00b3 01       		.byte	0x1
 1570 00b4 27       		.uleb128 0x27
 1571 00b5 19       		.uleb128 0x19
 1572 00b6 01       		.uleb128 0x1
 1573 00b7 13       		.uleb128 0x13
 1574 00b8 00       		.byte	0
 1575 00b9 00       		.byte	0
 1576 00ba 0F       		.uleb128 0xf
 1577 00bb 05       		.uleb128 0x5
 1578 00bc 00       		.byte	0
 1579 00bd 49       		.uleb128 0x49
 1580 00be 13       		.uleb128 0x13
 1581 00bf 00       		.byte	0
 1582 00c0 00       		.byte	0
 1583 00c1 10       		.uleb128 0x10
 1584 00c2 0F       		.uleb128 0xf
 1585 00c3 00       		.byte	0
 1586 00c4 0B       		.uleb128 0xb
 1587 00c5 0B       		.uleb128 0xb
 1588 00c6 00       		.byte	0
 1589 00c7 00       		.byte	0
 1590 00c8 11       		.uleb128 0x11
 1591 00c9 34       		.uleb128 0x34
 1592 00ca 00       		.byte	0
 1593 00cb 03       		.uleb128 0x3
 1594 00cc 0E       		.uleb128 0xe
 1595 00cd 3A       		.uleb128 0x3a
 1596 00ce 0B       		.uleb128 0xb
ARM GAS  C:\Users\baciu\AppData\Local\Temp\cckAnDUp.s 			page 29


 1597 00cf 3B       		.uleb128 0x3b
 1598 00d0 05       		.uleb128 0x5
 1599 00d1 39       		.uleb128 0x39
 1600 00d2 0B       		.uleb128 0xb
 1601 00d3 49       		.uleb128 0x49
 1602 00d4 13       		.uleb128 0x13
 1603 00d5 3F       		.uleb128 0x3f
 1604 00d6 19       		.uleb128 0x19
 1605 00d7 3C       		.uleb128 0x3c
 1606 00d8 19       		.uleb128 0x19
 1607 00d9 00       		.byte	0
 1608 00da 00       		.byte	0
 1609 00db 12       		.uleb128 0x12
 1610 00dc 34       		.uleb128 0x34
 1611 00dd 00       		.byte	0
 1612 00de 03       		.uleb128 0x3
 1613 00df 0E       		.uleb128 0xe
 1614 00e0 3A       		.uleb128 0x3a
 1615 00e1 0B       		.uleb128 0xb
 1616 00e2 3B       		.uleb128 0x3b
 1617 00e3 0B       		.uleb128 0xb
 1618 00e4 39       		.uleb128 0x39
 1619 00e5 0B       		.uleb128 0xb
 1620 00e6 49       		.uleb128 0x49
 1621 00e7 13       		.uleb128 0x13
 1622 00e8 3F       		.uleb128 0x3f
 1623 00e9 19       		.uleb128 0x19
 1624 00ea 3C       		.uleb128 0x3c
 1625 00eb 19       		.uleb128 0x19
 1626 00ec 00       		.byte	0
 1627 00ed 00       		.byte	0
 1628 00ee 13       		.uleb128 0x13
 1629 00ef 01       		.uleb128 0x1
 1630 00f0 01       		.byte	0x1
 1631 00f1 49       		.uleb128 0x49
 1632 00f2 13       		.uleb128 0x13
 1633 00f3 01       		.uleb128 0x1
 1634 00f4 13       		.uleb128 0x13
 1635 00f5 00       		.byte	0
 1636 00f6 00       		.byte	0
 1637 00f7 14       		.uleb128 0x14
 1638 00f8 21       		.uleb128 0x21
 1639 00f9 00       		.byte	0
 1640 00fa 49       		.uleb128 0x49
 1641 00fb 13       		.uleb128 0x13
 1642 00fc 2F       		.uleb128 0x2f
 1643 00fd 0B       		.uleb128 0xb
 1644 00fe 00       		.byte	0
 1645 00ff 00       		.byte	0
 1646 0100 15       		.uleb128 0x15
 1647 0101 13       		.uleb128 0x13
 1648 0102 01       		.byte	0x1
 1649 0103 0B       		.uleb128 0xb
 1650 0104 0B       		.uleb128 0xb
 1651 0105 3A       		.uleb128 0x3a
 1652 0106 0B       		.uleb128 0xb
 1653 0107 3B       		.uleb128 0x3b
ARM GAS  C:\Users\baciu\AppData\Local\Temp\cckAnDUp.s 			page 30


 1654 0108 0B       		.uleb128 0xb
 1655 0109 39       		.uleb128 0x39
 1656 010a 0B       		.uleb128 0xb
 1657 010b 01       		.uleb128 0x1
 1658 010c 13       		.uleb128 0x13
 1659 010d 00       		.byte	0
 1660 010e 00       		.byte	0
 1661 010f 16       		.uleb128 0x16
 1662 0110 17       		.uleb128 0x17
 1663 0111 01       		.byte	0x1
 1664 0112 0B       		.uleb128 0xb
 1665 0113 0B       		.uleb128 0xb
 1666 0114 3A       		.uleb128 0x3a
 1667 0115 0B       		.uleb128 0xb
 1668 0116 3B       		.uleb128 0x3b
 1669 0117 0B       		.uleb128 0xb
 1670 0118 39       		.uleb128 0x39
 1671 0119 0B       		.uleb128 0xb
 1672 011a 01       		.uleb128 0x1
 1673 011b 13       		.uleb128 0x13
 1674 011c 00       		.byte	0
 1675 011d 00       		.byte	0
 1676 011e 17       		.uleb128 0x17
 1677 011f 0D       		.uleb128 0xd
 1678 0120 00       		.byte	0
 1679 0121 03       		.uleb128 0x3
 1680 0122 0E       		.uleb128 0xe
 1681 0123 3A       		.uleb128 0x3a
 1682 0124 0B       		.uleb128 0xb
 1683 0125 3B       		.uleb128 0x3b
 1684 0126 0B       		.uleb128 0xb
 1685 0127 39       		.uleb128 0x39
 1686 0128 0B       		.uleb128 0xb
 1687 0129 49       		.uleb128 0x49
 1688 012a 13       		.uleb128 0x13
 1689 012b 00       		.byte	0
 1690 012c 00       		.byte	0
 1691 012d 18       		.uleb128 0x18
 1692 012e 0D       		.uleb128 0xd
 1693 012f 00       		.byte	0
 1694 0130 03       		.uleb128 0x3
 1695 0131 0E       		.uleb128 0xe
 1696 0132 3A       		.uleb128 0x3a
 1697 0133 0B       		.uleb128 0xb
 1698 0134 3B       		.uleb128 0x3b
 1699 0135 05       		.uleb128 0x5
 1700 0136 39       		.uleb128 0x39
 1701 0137 0B       		.uleb128 0xb
 1702 0138 49       		.uleb128 0x49
 1703 0139 13       		.uleb128 0x13
 1704 013a 00       		.byte	0
 1705 013b 00       		.byte	0
 1706 013c 19       		.uleb128 0x19
 1707 013d 34       		.uleb128 0x34
 1708 013e 00       		.byte	0
 1709 013f 03       		.uleb128 0x3
 1710 0140 08       		.uleb128 0x8
ARM GAS  C:\Users\baciu\AppData\Local\Temp\cckAnDUp.s 			page 31


 1711 0141 3A       		.uleb128 0x3a
 1712 0142 0B       		.uleb128 0xb
 1713 0143 3B       		.uleb128 0x3b
 1714 0144 05       		.uleb128 0x5
 1715 0145 39       		.uleb128 0x39
 1716 0146 0B       		.uleb128 0xb
 1717 0147 49       		.uleb128 0x49
 1718 0148 13       		.uleb128 0x13
 1719 0149 3F       		.uleb128 0x3f
 1720 014a 19       		.uleb128 0x19
 1721 014b 3C       		.uleb128 0x3c
 1722 014c 19       		.uleb128 0x19
 1723 014d 00       		.byte	0
 1724 014e 00       		.byte	0
 1725 014f 1A       		.uleb128 0x1a
 1726 0150 21       		.uleb128 0x21
 1727 0151 00       		.byte	0
 1728 0152 00       		.byte	0
 1729 0153 00       		.byte	0
 1730 0154 1B       		.uleb128 0x1b
 1731 0155 15       		.uleb128 0x15
 1732 0156 01       		.byte	0x1
 1733 0157 27       		.uleb128 0x27
 1734 0158 19       		.uleb128 0x19
 1735 0159 49       		.uleb128 0x49
 1736 015a 13       		.uleb128 0x13
 1737 015b 01       		.uleb128 0x1
 1738 015c 13       		.uleb128 0x13
 1739 015d 00       		.byte	0
 1740 015e 00       		.byte	0
 1741 015f 1C       		.uleb128 0x1c
 1742 0160 16       		.uleb128 0x16
 1743 0161 00       		.byte	0
 1744 0162 03       		.uleb128 0x3
 1745 0163 0E       		.uleb128 0xe
 1746 0164 3A       		.uleb128 0x3a
 1747 0165 0B       		.uleb128 0xb
 1748 0166 3B       		.uleb128 0x3b
 1749 0167 05       		.uleb128 0x5
 1750 0168 39       		.uleb128 0x39
 1751 0169 0B       		.uleb128 0xb
 1752 016a 49       		.uleb128 0x49
 1753 016b 13       		.uleb128 0x13
 1754 016c 00       		.byte	0
 1755 016d 00       		.byte	0
 1756 016e 00       		.byte	0
 1757              		.section	.gnu.debuglto_.debug_line,"e",%progbits
 1758              	.Ldebug_line0:
 1759 0000 D2030000 		.4byte	.LELT0-.LSLT0
 1760              	.LSLT0:
 1761 0004 0400     		.2byte	0x4
 1762 0006 CC030000 		.4byte	.LELTP0-.LASLTP0
 1763              	.LASLTP0:
 1764 000a 01       		.byte	0x1
 1765 000b 01       		.byte	0x1
 1766 000c 01       		.byte	0x1
 1767 000d F6       		.byte	0xf6
ARM GAS  C:\Users\baciu\AppData\Local\Temp\cckAnDUp.s 			page 32


 1768 000e F2       		.byte	0xf2
 1769 000f 0D       		.byte	0xd
 1770 0010 00       		.byte	0
 1771 0011 01       		.byte	0x1
 1772 0012 01       		.byte	0x1
 1773 0013 01       		.byte	0x1
 1774 0014 01       		.byte	0x1
 1775 0015 00       		.byte	0
 1776 0016 00       		.byte	0
 1777 0017 00       		.byte	0
 1778 0018 01       		.byte	0x1
 1779 0019 00       		.byte	0
 1780 001a 00       		.byte	0
 1781 001b 01       		.byte	0x1
 1782 001c 2E2E2F2E 		.ascii	"../../../os/common/ext/ARM/CMSIS/Core/Include"
 1782      2E2F2E2E 
 1782      2F6F732F 
 1782      636F6D6D 
 1782      6F6E2F65 
 1783 0049 00       		.byte	0
 1784 004a 2E2E2F2E 		.ascii	"../../../os/common/ext/ST/STM32F4xx"
 1784      2E2F2E2E 
 1784      2F6F732F 
 1784      636F6D6D 
 1784      6F6E2F65 
 1785 006d 00       		.byte	0
 1786 006e 2E2E2F2E 		.ascii	"../../../os/common/ports/ARMCMx/compilers/GCC"
 1786      2E2F2E2E 
 1786      2F6F732F 
 1786      636F6D6D 
 1786      6F6E2F70 
 1787 009b 00       		.byte	0
 1788 009c 2E2E2F2E 		.ascii	"../../../os/common/ports/ARMCMx"
 1788      2E2F2E2E 
 1788      2F6F732F 
 1788      636F6D6D 
 1788      6F6E2F70 
 1789 00bb 00       		.byte	0
 1790 00bc 2E2E2F2E 		.ascii	"../../../os/oslib/include"
 1790      2E2F2E2E 
 1790      2F6F732F 
 1790      6F736C69 
 1790      622F696E 
 1791 00d5 00       		.byte	0
 1792 00d6 2E2E2F2E 		.ascii	"../../../os/rt/include"
 1792      2E2F2E2E 
 1792      2F6F732F 
 1792      72742F69 
 1792      6E636C75 
 1793 00ec 00       		.byte	0
 1794 00ed 643A5C66 		.ascii	"d:\\facultate\\vub_sem1\\operating_systems\\project"
 1794      6163756C 
 1794      74617465 
 1794      5C767562 
 1794      5F73656D 
 1795 011c 5C636869 		.ascii	"\\chibistudio_windows_2020-04\\chibistudio\\tools\\"
 1795      62697374 
ARM GAS  C:\Users\baciu\AppData\Local\Temp\cckAnDUp.s 			page 33


 1795      7564696F 
 1795      5F77696E 
 1795      646F7773 
 1796 014b 676E7520 		.ascii	"gnu tools arm embedded\\9.0 2019q4\\arm-none-eabi\\"
 1796      746F6F6C 
 1796      73206172 
 1796      6D20656D 
 1796      62656464 
 1797 017b 696E636C 		.ascii	"include\\machine"
 1797      7564655C 
 1797      6D616368 
 1797      696E65
 1798 018a 00       		.byte	0
 1799 018b 643A5C66 		.ascii	"d:\\facultate\\vub_sem1\\operating_systems\\project"
 1799      6163756C 
 1799      74617465 
 1799      5C767562 
 1799      5F73656D 
 1800 01ba 5C636869 		.ascii	"\\chibistudio_windows_2020-04\\chibistudio\\tools\\"
 1800      62697374 
 1800      7564696F 
 1800      5F77696E 
 1800      646F7773 
 1801 01e9 676E7520 		.ascii	"gnu tools arm embedded\\9.0 2019q4\\arm-none-eabi\\"
 1801      746F6F6C 
 1801      73206172 
 1801      6D20656D 
 1801      62656464 
 1802 0219 696E636C 		.ascii	"include\\sys"
 1802      7564655C 
 1802      737973
 1803 0224 00       		.byte	0
 1804 0225 643A5C66 		.ascii	"d:\\facultate\\vub_sem1\\operating_systems\\project"
 1804      6163756C 
 1804      74617465 
 1804      5C767562 
 1804      5F73656D 
 1805 0254 5C636869 		.ascii	"\\chibistudio_windows_2020-04\\chibistudio\\tools\\"
 1805      62697374 
 1805      7564696F 
 1805      5F77696E 
 1805      646F7773 
 1806 0283 676E7520 		.ascii	"gnu tools arm embedded\\9.0 2019q4\\lib\\gcc\\arm-n"
 1806      746F6F6C 
 1806      73206172 
 1806      6D20656D 
 1806      62656464 
 1807 02b2 6F6E652D 		.ascii	"one-eabi\\9.2.1\\include"
 1807      65616269 
 1807      5C392E32 
 1807      2E315C69 
 1807      6E636C75 
 1808 02c8 00       		.byte	0
 1809 02c9 00       		.byte	0
 1810 02ca 73746464 		.ascii	"stddef.h\000"
 1810      65662E68 
 1810      00
ARM GAS  C:\Users\baciu\AppData\Local\Temp\cckAnDUp.s 			page 34


 1811 02d3 09       		.uleb128 0x9
 1812 02d4 00       		.uleb128 0
 1813 02d5 00       		.uleb128 0
 1814 02d6 5F646566 		.ascii	"_default_types.h\000"
 1814      61756C74 
 1814      5F747970 
 1814      65732E68 
 1814      00
 1815 02e7 07       		.uleb128 0x7
 1816 02e8 00       		.uleb128 0
 1817 02e9 00       		.uleb128 0
 1818 02ea 5F737464 		.ascii	"_stdint.h\000"
 1818      696E742E 
 1818      6800
 1819 02f4 08       		.uleb128 0x8
 1820 02f5 00       		.uleb128 0
 1821 02f6 00       		.uleb128 0
 1822 02f7 63687479 		.ascii	"chtypes.h\000"
 1822      7065732E 
 1822      6800
 1823 0301 03       		.uleb128 0x3
 1824 0302 00       		.uleb128 0
 1825 0303 00       		.uleb128 0
 1826 0304 63687379 		.ascii	"chsystypes.h\000"
 1826      73747970 
 1826      65732E68 
 1826      00
 1827 0311 06       		.uleb128 0x6
 1828 0312 00       		.uleb128 0
 1829 0313 00       		.uleb128 0
 1830 0314 63687363 		.ascii	"chschd.h\000"
 1830      68642E68 
 1830      00
 1831 031d 06       		.uleb128 0x6
 1832 031e 00       		.uleb128 0
 1833 031f 00       		.uleb128 0
 1834 0320 63687469 		.ascii	"chtime.h\000"
 1834      6D652E68 
 1834      00
 1835 0329 06       		.uleb128 0x6
 1836 032a 00       		.uleb128 0
 1837 032b 00       		.uleb128 0
 1838 032c 636F7265 		.ascii	"core_cm4.h\000"
 1838      5F636D34 
 1838      2E6800
 1839 0337 01       		.uleb128 0x1
 1840 0338 00       		.uleb128 0
 1841 0339 00       		.uleb128 0
 1842 033a 73797374 		.ascii	"system_stm32f4xx.h\000"
 1842      656D5F73 
 1842      746D3332 
 1842      66347878 
 1842      2E6800
 1843 034d 02       		.uleb128 0x2
 1844 034e 00       		.uleb128 0
 1845 034f 00       		.uleb128 0
 1846 0350 6368636F 		.ascii	"chcore.h\000"
ARM GAS  C:\Users\baciu\AppData\Local\Temp\cckAnDUp.s 			page 35


 1846      72652E68 
 1846      00
 1847 0359 04       		.uleb128 0x4
 1848 035a 00       		.uleb128 0
 1849 035b 00       		.uleb128 0
 1850 035c 6368636F 		.ascii	"chcore_v7m.h\000"
 1850      72655F76 
 1850      376D2E68 
 1850      00
 1851 0369 04       		.uleb128 0x4
 1852 036a 00       		.uleb128 0
 1853 036b 00       		.uleb128 0
 1854 036c 6368746D 		.ascii	"chtm.h\000"
 1854      2E6800
 1855 0373 06       		.uleb128 0x6
 1856 0374 00       		.uleb128 0
 1857 0375 00       		.uleb128 0
 1858 0376 63687365 		.ascii	"chsem.h\000"
 1858      6D2E6800 
 1859 037e 06       		.uleb128 0x6
 1860 037f 00       		.uleb128 0
 1861 0380 00       		.uleb128 0
 1862 0381 63686D74 		.ascii	"chmtx.h\000"
 1862      782E6800 
 1863 0389 06       		.uleb128 0x6
 1864 038a 00       		.uleb128 0
 1865 038b 00       		.uleb128 0
 1866 038c 63687379 		.ascii	"chsys.h\000"
 1866      732E6800 
 1867 0394 06       		.uleb128 0x6
 1868 0395 00       		.uleb128 0
 1869 0396 00       		.uleb128 0
 1870 0397 63687265 		.ascii	"chregistry.h\000"
 1870      67697374 
 1870      72792E68 
 1870      00
 1871 03a4 06       		.uleb128 0x6
 1872 03a5 00       		.uleb128 0
 1873 03a6 00       		.uleb128 0
 1874 03a7 63686D65 		.ascii	"chmemcore.h\000"
 1874      6D636F72 
 1874      652E6800 
 1875 03b3 05       		.uleb128 0x5
 1876 03b4 00       		.uleb128 0
 1877 03b5 00       		.uleb128 0
 1878 03b6 63686D65 		.ascii	"chmempools.h\000"
 1878      6D706F6F 
 1878      6C732E68 
 1878      00
 1879 03c3 05       		.uleb128 0x5
 1880 03c4 00       		.uleb128 0
 1881 03c5 00       		.uleb128 0
 1882 03c6 63686661 		.ascii	"chfactory.h\000"
 1882      63746F72 
 1882      792E6800 
 1883 03d2 05       		.uleb128 0x5
 1884 03d3 00       		.uleb128 0
ARM GAS  C:\Users\baciu\AppData\Local\Temp\cckAnDUp.s 			page 36


 1885 03d4 00       		.uleb128 0
 1886 03d5 00       		.byte	0
 1887              	.LELTP0:
 1888              	.LELT0:
 1889              		.section	.gnu.debuglto_.debug_str,"eMS",%progbits,1
 1890              	.LASF54:
 1891 0000 72656164 		.ascii	"ready_list_t\000"
 1891      795F6C69 
 1891      73745F74 
 1891      00
 1892              	.LASF4:
 1893 000d 73697A65 		.ascii	"size_t\000"
 1893      5F7400
 1894              	.LASF60:
 1895 0014 64656C74 		.ascii	"delta\000"
 1895      6100
 1896              	.LASF84:
 1897 001a 7264796D 		.ascii	"rdymsg\000"
 1897      736700
 1898              	.LASF20:
 1899 0021 75696E74 		.ascii	"uint64_t\000"
 1899      36345F74 
 1899      00
 1900              	.LASF5:
 1901 002a 5F5F7569 		.ascii	"__uint8_t\000"
 1901      6E74385F 
 1901      7400
 1902              	.LASF53:
 1903 0034 70726576 		.ascii	"prev\000"
 1903      00
 1904              	.LASF80:
 1905 0039 706F7274 		.ascii	"port_intctx\000"
 1905      5F696E74 
 1905      63747800 
 1906              	.LASF65:
 1907 0045 73797374 		.ascii	"system_debug_t\000"
 1907      656D5F64 
 1907      65627567 
 1907      5F7400
 1908              	.LASF127:
 1909 0054 70726F76 		.ascii	"provider\000"
 1909      69646572 
 1909      00
 1910              	.LASF137:
 1911 005d 73656D5F 		.ascii	"sem_list\000"
 1911      6C697374 
 1911      00
 1912              	.LASF119:
 1913 0066 6D656D67 		.ascii	"memgetfunc_t\000"
 1913      65746675 
 1913      6E635F74 
 1913      00
 1914              	.LASF15:
 1915 0073 6C6F6E67 		.ascii	"long long unsigned int\000"
 1915      206C6F6E 
 1915      6720756E 
 1915      7369676E 
ARM GAS  C:\Users\baciu\AppData\Local\Temp\cckAnDUp.s 			page 37


 1915      65642069 
 1916              	.LASF85:
 1917 008a 65786974 		.ascii	"exitcode\000"
 1917      636F6465 
 1917      00
 1918              	.LASF72:
 1919 0093 6D61696E 		.ascii	"mainthread\000"
 1919      74687265 
 1919      616400
 1920              	.LASF88:
 1921 009e 73656E74 		.ascii	"sentmsg\000"
 1921      6D736700 
 1922              	.LASF62:
 1923 00a6 76697274 		.ascii	"virtual_timers_list_t\000"
 1923      75616C5F 
 1923      74696D65 
 1923      72735F6C 
 1923      6973745F 
 1924              	.LASF75:
 1925 00bc 49544D5F 		.ascii	"ITM_RxBuffer\000"
 1925      52784275 
 1925      66666572 
 1925      00
 1926              	.LASF130:
 1927 00c9 64796E5F 		.ascii	"dyn_element_t\000"
 1927      656C656D 
 1927      656E745F 
 1927      7400
 1928              	.LASF50:
 1929 00d7 6E657874 		.ascii	"next\000"
 1929      00
 1930              	.LASF52:
 1931 00dc 63685F74 		.ascii	"ch_threads_queue\000"
 1931      68726561 
 1931      64735F71 
 1931      75657565 
 1931      00
 1932              	.LASF1:
 1933 00ed 6C6F6E67 		.ascii	"long long int\000"
 1933      206C6F6E 
 1933      6720696E 
 1933      7400
 1934              	.LASF3:
 1935 00fb 7369676E 		.ascii	"signed char\000"
 1935      65642063 
 1935      68617200 
 1936              	.LASF99:
 1937 0107 73697A65 		.ascii	"size\000"
 1937      00
 1938              	.LASF70:
 1939 010c 726C6973 		.ascii	"rlist\000"
 1939      7400
 1940              	.LASF71:
 1941 0112 76746C69 		.ascii	"vtlist\000"
 1941      737400
 1942              	.LASF41:
 1943 0119 6D736771 		.ascii	"msgqueue\000"
ARM GAS  C:\Users\baciu\AppData\Local\Temp\cckAnDUp.s 			page 38


 1943      75657565 
 1943      00
 1944              	.LASF37:
 1945 0122 73746174 		.ascii	"state\000"
 1945      6500
 1946              	.LASF11:
 1947 0128 6C6F6E67 		.ascii	"long int\000"
 1947      20696E74 
 1947      00
 1948              	.LASF23:
 1949 0131 74737461 		.ascii	"tstate_t\000"
 1949      74655F74 
 1949      00
 1950              	.LASF61:
 1951 013a 66756E63 		.ascii	"func\000"
 1951      00
 1952              	.LASF97:
 1953 013f 6964656E 		.ascii	"identifier\000"
 1953      74696669 
 1953      657200
 1954              	.LASF120:
 1955 014a 62617365 		.ascii	"basemem\000"
 1955      6D656D00 
 1956              	.LASF17:
 1957 0152 75696E74 		.ascii	"uint16_t\000"
 1957      31365F74 
 1957      00
 1958              	.LASF115:
 1959 015b 63686465 		.ascii	"chdebug_t\000"
 1959      6275675F 
 1959      7400
 1960              	.LASF113:
 1961 0165 6F66665F 		.ascii	"off_preempt\000"
 1961      70726565 
 1961      6D707400 
 1962              	.LASF12:
 1963 0171 5F5F7569 		.ascii	"__uint32_t\000"
 1963      6E743332 
 1963      5F7400
 1964              	.LASF145:
 1965 017c 2E2E2F2E 		.ascii	"../../../os/common/ports/ARMCMx/chcore.c\000"
 1965      2E2F2E2E 
 1965      2F6F732F 
 1965      636F6D6D 
 1965      6F6E2F70 
 1966              	.LASF139:
 1967 01a5 6D62785F 		.ascii	"mbx_list\000"
 1967      6C697374 
 1967      00
 1968              	.LASF66:
 1969 01ae 63685F73 		.ascii	"ch_system_debug\000"
 1969      79737465 
 1969      6D5F6465 
 1969      62756700 
 1970              	.LASF40:
 1971 01be 77616974 		.ascii	"waiting\000"
 1971      696E6700 
ARM GAS  C:\Users\baciu\AppData\Local\Temp\cckAnDUp.s 			page 39


 1972              	.LASF78:
 1973 01c6 41504250 		.ascii	"APBPrescTable\000"
 1973      72657363 
 1973      5461626C 
 1973      6500
 1974              	.LASF98:
 1975 01d4 7A65726F 		.ascii	"zero\000"
 1975      00
 1976              	.LASF117:
 1977 01d9 6D757465 		.ascii	"mutex_t\000"
 1977      785F7400 
 1978              	.LASF126:
 1979 01e1 616C6967 		.ascii	"align\000"
 1979      6E00
 1980              	.LASF74:
 1981 01e7 73797369 		.ascii	"sysinterval_t\000"
 1981      6E746572 
 1981      76616C5F 
 1981      7400
 1982              	.LASF28:
 1983 01f5 636E745F 		.ascii	"cnt_t\000"
 1983      7400
 1984              	.LASF0:
 1985 01fb 756E7369 		.ascii	"unsigned int\000"
 1985      676E6564 
 1985      20696E74 
 1985      00
 1986              	.LASF144:
 1987 0208 474E5520 		.ascii	"GNU C17 9.2.1 20191025 (release) [ARM/arm-9-branch "
 1987      43313720 
 1987      392E322E 
 1987      31203230 
 1987      31393130 
 1988 023b 72657669 		.ascii	"revision 277599] -mcpu=cortex-m4 -mthumb -mfloat-ab"
 1988      73696F6E 
 1988      20323737 
 1988      3539395D 
 1988      202D6D63 
 1989 026e 693D736F 		.ascii	"i=soft -march=armv7e-m -ggdb -O2 -fomit-frame-point"
 1989      6674202D 
 1989      6D617263 
 1989      683D6172 
 1989      6D763765 
 1990 02a1 6572202D 		.ascii	"er -falign-functions=16 -ffunction-sections -fdata-"
 1990      66616C69 
 1990      676E2D66 
 1990      756E6374 
 1990      696F6E73 
 1991 02d4 73656374 		.ascii	"sections -fno-common -flto\000"
 1991      696F6E73 
 1991      202D666E 
 1991      6F2D636F 
 1991      6D6D6F6E 
 1992              	.LASF76:
 1993 02ef 53797374 		.ascii	"SystemCoreClock\000"
 1993      656D436F 
 1993      7265436C 
ARM GAS  C:\Users\baciu\AppData\Local\Temp\cckAnDUp.s 			page 40


 1993      6F636B00 
 1994              	.LASF89:
 1995 02ff 77747365 		.ascii	"wtsemp\000"
 1995      6D7000
 1996              	.LASF87:
 1997 0306 77747472 		.ascii	"wttrp\000"
 1997      7000
 1998              	.LASF121:
 1999 030c 746F706D 		.ascii	"topmem\000"
 1999      656D00
 2000              	.LASF116:
 2001 0313 63685F64 		.ascii	"ch_debug\000"
 2001      65627567 
 2001      00
 2002              	.LASF128:
 2003 031c 6D656D6F 		.ascii	"memory_pool_t\000"
 2003      72795F70 
 2003      6F6F6C5F 
 2003      7400
 2004              	.LASF35:
 2005 032a 6E616D65 		.ascii	"name\000"
 2005      00
 2006              	.LASF31:
 2007 032f 71756575 		.ascii	"queue\000"
 2007      6500
 2008              	.LASF45:
 2009 0335 6D706F6F 		.ascii	"mpool\000"
 2009      6C00
 2010              	.LASF112:
 2011 033b 6F66665F 		.ascii	"off_refs\000"
 2011      72656673 
 2011      00
 2012              	.LASF136:
 2013 0344 6275665F 		.ascii	"buf_list\000"
 2013      6C697374 
 2013      00
 2014              	.LASF48:
 2015 034d 63685F74 		.ascii	"ch_thread\000"
 2015      68726561 
 2015      6400
 2016              	.LASF26:
 2017 0357 6D73675F 		.ascii	"msg_t\000"
 2017      7400
 2018              	.LASF29:
 2019 035d 75636E74 		.ascii	"ucnt_t\000"
 2019      5F7400
 2020              	.LASF42:
 2021 0364 6570656E 		.ascii	"epending\000"
 2021      64696E67 
 2021      00
 2022              	.LASF132:
 2023 036d 64796E5F 		.ascii	"dyn_list_t\000"
 2023      6C697374 
 2023      5F7400
 2024              	.LASF68:
 2025 0378 63685F73 		.ascii	"ch_system_t\000"
 2025      79737465 
ARM GAS  C:\Users\baciu\AppData\Local\Temp\cckAnDUp.s 			page 41


 2025      6D5F7400 
 2026              	.LASF105:
 2027 0384 6F66665F 		.ascii	"off_ctx\000"
 2027      63747800 
 2028              	.LASF22:
 2029 038c 746D6F64 		.ascii	"tmode_t\000"
 2029      655F7400 
 2030              	.LASF146:
 2031 0394 443A5C46 		.ascii	"D:\\Facultate\\VUB_sem1\\Operating_Systems\\Project"
 2031      6163756C 
 2031      74617465 
 2031      5C565542 
 2031      5F73656D 
 2032 03c3 5C436869 		.ascii	"\\ChibiStudio_Windows_2020-04\\ChibiStudio\\chibios"
 2032      62695374 
 2032      7564696F 
 2032      5F57696E 
 2032      646F7773 
 2033 03f3 3230335C 		.ascii	"203\\demos\\STM32\\RT-STM32F407-DISCOVERY\000"
 2033      64656D6F 
 2033      735C5354 
 2033      4D33325C 
 2033      52542D53 
 2034              	.LASF55:
 2035 041a 63685F72 		.ascii	"ch_ready_list\000"
 2035      65616479 
 2035      5F6C6973 
 2035      7400
 2036              	.LASF27:
 2037 0428 6576656E 		.ascii	"eventmask_t\000"
 2037      746D6173 
 2037      6B5F7400 
 2038              	.LASF77:
 2039 0434 41484250 		.ascii	"AHBPrescTable\000"
 2039      72657363 
 2039      5461626C 
 2039      6500
 2040              	.LASF10:
 2041 0442 5F5F696E 		.ascii	"__int32_t\000"
 2041      7433325F 
 2041      7400
 2042              	.LASF79:
 2043 044c 73746B61 		.ascii	"stkalign_t\000"
 2043      6C69676E 
 2043      5F7400
 2044              	.LASF33:
 2045 0457 6E657765 		.ascii	"newer\000"
 2045      7200
 2046              	.LASF44:
 2047 045d 7265616C 		.ascii	"realprio\000"
 2047      7072696F 
 2047      00
 2048              	.LASF100:
 2049 0466 76657273 		.ascii	"version\000"
 2049      696F6E00 
 2050              	.LASF21:
 2051 046e 7274636E 		.ascii	"rtcnt_t\000"
ARM GAS  C:\Users\baciu\AppData\Local\Temp\cckAnDUp.s 			page 42


 2051      745F7400 
 2052              	.LASF46:
 2053 0476 74687265 		.ascii	"thread_reference_t\000"
 2053      61645F72 
 2053      65666572 
 2053      656E6365 
 2053      5F7400
 2054              	.LASF63:
 2055 0489 63685F76 		.ascii	"ch_virtual_timers_list\000"
 2055      69727475 
 2055      616C5F74 
 2055      696D6572 
 2055      735F6C69 
 2056              	.LASF2:
 2057 04a0 6C6F6E67 		.ascii	"long double\000"
 2057      20646F75 
 2057      626C6500 
 2058              	.LASF131:
 2059 04ac 63685F64 		.ascii	"ch_dyn_list\000"
 2059      796E5F6C 
 2059      69737400 
 2060              	.LASF106:
 2061 04b8 6F66665F 		.ascii	"off_newer\000"
 2061      6E657765 
 2061      7200
 2062              	.LASF81:
 2063 04c2 706F7274 		.ascii	"port_context\000"
 2063      5F636F6E 
 2063      74657874 
 2063      00
 2064              	.LASF83:
 2065 04cf 746D5F63 		.ascii	"tm_calibration_t\000"
 2065      616C6962 
 2065      72617469 
 2065      6F6E5F74 
 2065      00
 2066              	.LASF32:
 2067 04e0 7072696F 		.ascii	"prio\000"
 2067      00
 2068              	.LASF138:
 2069 04e5 73656D5F 		.ascii	"sem_pool\000"
 2069      706F6F6C 
 2069      00
 2070              	.LASF56:
 2071 04ee 63757272 		.ascii	"current\000"
 2071      656E7400 
 2072              	.LASF14:
 2073 04f6 5F5F7569 		.ascii	"__uint64_t\000"
 2073      6E743634 
 2073      5F7400
 2074              	.LASF122:
 2075 0501 6D656D63 		.ascii	"memcore_t\000"
 2075      6F72655F 
 2075      7400
 2076              	.LASF24:
 2077 050b 74726566 		.ascii	"trefs_t\000"
 2077      735F7400 
ARM GAS  C:\Users\baciu\AppData\Local\Temp\cckAnDUp.s 			page 43


 2078              	.LASF39:
 2079 0513 72656673 		.ascii	"refs\000"
 2079      00
 2080              	.LASF58:
 2081 0518 76697274 		.ascii	"virtual_timer_t\000"
 2081      75616C5F 
 2081      74696D65 
 2081      725F7400 
 2082              	.LASF129:
 2083 0528 63685F64 		.ascii	"ch_dyn_element\000"
 2083      796E5F65 
 2083      6C656D65 
 2083      6E7400
 2084              	.LASF25:
 2085 0537 74707269 		.ascii	"tprio_t\000"
 2085      6F5F7400 
 2086              	.LASF103:
 2087 053f 74687265 		.ascii	"threadsize\000"
 2087      61647369 
 2087      7A6500
 2088              	.LASF118:
 2089 054a 5F426F6F 		.ascii	"_Bool\000"
 2089      6C00
 2090              	.LASF18:
 2091 0550 696E7433 		.ascii	"int32_t\000"
 2091      325F7400 
 2092              	.LASF6:
 2093 0558 756E7369 		.ascii	"unsigned char\000"
 2093      676E6564 
 2093      20636861 
 2093      7200
 2094              	.LASF104:
 2095 0566 6F66665F 		.ascii	"off_prio\000"
 2095      7072696F 
 2095      00
 2096              	.LASF109:
 2097 056f 6F66665F 		.ascii	"off_stklimit\000"
 2097      73746B6C 
 2097      696D6974 
 2097      00
 2098              	.LASF7:
 2099 057c 73686F72 		.ascii	"short int\000"
 2099      7420696E 
 2099      7400
 2100              	.LASF64:
 2101 0586 6C617374 		.ascii	"lasttime\000"
 2101      74696D65 
 2101      00
 2102              	.LASF91:
 2103 058f 65776D61 		.ascii	"ewmask\000"
 2103      736B00
 2104              	.LASF69:
 2105 0596 63685F73 		.ascii	"ch_system\000"
 2105      79737465 
 2105      6D00
 2106              	.LASF143:
 2107 05a0 63685F66 		.ascii	"ch_factory\000"
ARM GAS  C:\Users\baciu\AppData\Local\Temp\cckAnDUp.s 			page 44


 2107      6163746F 
 2107      727900
 2108              	.LASF135:
 2109 05ab 6F626A5F 		.ascii	"obj_pool\000"
 2109      706F6F6C 
 2109      00
 2110              	.LASF59:
 2111 05b4 63685F76 		.ascii	"ch_virtual_timer\000"
 2111      69727475 
 2111      616C5F74 
 2111      696D6572 
 2111      00
 2112              	.LASF92:
 2113 05c5 63685F73 		.ascii	"ch_semaphore\000"
 2113      656D6170 
 2113      686F7265 
 2113      00
 2114              	.LASF114:
 2115 05d2 6F66665F 		.ascii	"off_time\000"
 2115      74696D65 
 2115      00
 2116              	.LASF96:
 2117 05db 63685F69 		.ascii	"ch_idle_thread_wa\000"
 2117      646C655F 
 2117      74687265 
 2117      61645F77 
 2117      6100
 2118              	.LASF102:
 2119 05ed 74696D65 		.ascii	"timesize\000"
 2119      73697A65 
 2119      00
 2120              	.LASF141:
 2121 05f6 70697065 		.ascii	"pipe_list\000"
 2121      5F6C6973 
 2121      7400
 2122              	.LASF19:
 2123 0600 75696E74 		.ascii	"uint32_t\000"
 2123      33325F74 
 2123      00
 2124              	.LASF90:
 2125 0609 77746D74 		.ascii	"wtmtxp\000"
 2125      787000
 2126              	.LASF49:
 2127 0610 63685F74 		.ascii	"ch_threads_list\000"
 2127      68726561 
 2127      64735F6C 
 2127      69737400 
 2128              	.LASF94:
 2129 0620 6F776E65 		.ascii	"owner\000"
 2129      7200
 2130              	.LASF13:
 2131 0626 6C6F6E67 		.ascii	"long unsigned int\000"
 2131      20756E73 
 2131      69676E65 
 2131      6420696E 
 2131      7400
 2132              	.LASF36:
ARM GAS  C:\Users\baciu\AppData\Local\Temp\cckAnDUp.s 			page 45


 2133 0638 77616261 		.ascii	"wabase\000"
 2133      736500
 2134              	.LASF95:
 2135 063f 63686172 		.ascii	"char\000"
 2135      00
 2136              	.LASF34:
 2137 0644 6F6C6465 		.ascii	"older\000"
 2137      7200
 2138              	.LASF134:
 2139 064a 6F626A5F 		.ascii	"obj_list\000"
 2139      6C697374 
 2139      00
 2140              	.LASF8:
 2141 0653 5F5F7569 		.ascii	"__uint16_t\000"
 2141      6E743136 
 2141      5F7400
 2142              	.LASF30:
 2143 065e 74687265 		.ascii	"thread_t\000"
 2143      61645F74 
 2143      00
 2144              	.LASF123:
 2145 0667 63685F6D 		.ascii	"ch_memcore\000"
 2145      656D636F 
 2145      726500
 2146              	.LASF73:
 2147 0672 73797374 		.ascii	"systime_t\000"
 2147      696D655F 
 2147      7400
 2148              	.LASF57:
 2149 067c 76746675 		.ascii	"vtfunc_t\000"
 2149      6E635F74 
 2149      00
 2150              	.LASF67:
 2151 0685 70616E69 		.ascii	"panic_msg\000"
 2151      635F6D73 
 2151      6700
 2152              	.LASF82:
 2153 068f 6F666673 		.ascii	"offset\000"
 2153      657400
 2154              	.LASF93:
 2155 0696 63685F6D 		.ascii	"ch_mutex\000"
 2155      75746578 
 2155      00
 2156              	.LASF107:
 2157 069f 6F66665F 		.ascii	"off_older\000"
 2157      6F6C6465 
 2157      7200
 2158              	.LASF9:
 2159 06a9 73686F72 		.ascii	"short unsigned int\000"
 2159      7420756E 
 2159      7369676E 
 2159      65642069 
 2159      6E7400
 2160              	.LASF125:
 2161 06bc 6F626A65 		.ascii	"object_size\000"
 2161      63745F73 
 2161      697A6500 
ARM GAS  C:\Users\baciu\AppData\Local\Temp\cckAnDUp.s 			page 46


 2162              	.LASF101:
 2163 06c8 70747273 		.ascii	"ptrsize\000"
 2163      697A6500 
 2164              	.LASF133:
 2165 06d0 63685F6F 		.ascii	"ch_objects_factory\000"
 2165      626A6563 
 2165      74735F66 
 2165      6163746F 
 2165      727900
 2166              	.LASF51:
 2167 06e3 74687265 		.ascii	"threads_queue_t\000"
 2167      6164735F 
 2167      71756575 
 2167      655F7400 
 2168              	.LASF124:
 2169 06f3 706F6F6C 		.ascii	"pool_header\000"
 2169      5F686561 
 2169      64657200 
 2170              	.LASF108:
 2171 06ff 6F66665F 		.ascii	"off_name\000"
 2171      6E616D65 
 2171      00
 2172              	.LASF16:
 2173 0708 75696E74 		.ascii	"uint8_t\000"
 2173      385F7400 
 2174              	.LASF38:
 2175 0710 666C6167 		.ascii	"flags\000"
 2175      7300
 2176              	.LASF140:
 2177 0716 6669666F 		.ascii	"fifo_list\000"
 2177      5F6C6973 
 2177      7400
 2178              	.LASF86:
 2179 0720 77746F62 		.ascii	"wtobjp\000"
 2179      6A7000
 2180              	.LASF47:
 2181 0727 74687265 		.ascii	"threads_list_t\000"
 2181      6164735F 
 2181      6C697374 
 2181      5F7400
 2182              	.LASF110:
 2183 0736 6F66665F 		.ascii	"off_state\000"
 2183      73746174 
 2183      6500
 2184              	.LASF142:
 2185 0740 6F626A65 		.ascii	"objects_factory_t\000"
 2185      6374735F 
 2185      66616374 
 2185      6F72795F 
 2185      7400
 2186              	.LASF111:
 2187 0752 6F66665F 		.ascii	"off_flags\000"
 2187      666C6167 
 2187      7300
 2188              	.LASF43:
 2189 075c 6D74786C 		.ascii	"mtxlist\000"
 2189      69737400 
ARM GAS  C:\Users\baciu\AppData\Local\Temp\cckAnDUp.s 			page 47


 2190              		.text
 2191              		.section	.gnu.lto_.profile.8a1b2604,"e",%progbits
 2192 0000 789CE360 		.ascii	"x\234\343``\004B \000\000\000]\000\013"
 2192      60044220 
 2192      0000005D 
 2192      000B
 2193              		.text
 2194              		.section	.gnu.lto_.icf.8a1b2604,"e",%progbits
 2195 0000 789CE360 		.ascii	"x\234\343``d`b@\006\000\000\316\000\014"
 2195      60646062 
 2195      40060000 
 2195      CE000C
 2196              		.text
 2197              		.section	.gnu.lto_.jmpfuncs.8a1b2604,"e",%progbits
 2198 0000 789CE360 		.ascii	"x\234\343``d`b@\006\000\000\316\000\014"
 2198      60646062 
 2198      40060000 
 2198      CE000C
 2199              		.text
 2200              		.section	.gnu.lto_.inline.8a1b2604,"e",%progbits
 2201 0000 789CE360 		.ascii	"x\234\343``d`b@\006\000\000\316\000\014"
 2201      60646062 
 2201      40060000 
 2201      CE000C
 2202              		.text
 2203              		.section	.gnu.lto_.pureconst.8a1b2604,"e",%progbits
 2204 0000 789CE360 		.ascii	"x\234\343``\004B \000\000\000]\000\013"
 2204      60044220 
 2204      0000005D 
 2204      000B
 2205              		.text
 2206              		.section	.gnu.lto_.symbol_nodes.8a1b2604,"e",%progbits
 2207 0000 789CE360 		.ascii	"x\234\343``d`b\000\001\000\000n\000\014"
 2207      60646062 
 2207      00010000 
 2207      6E000C
 2208              		.text
 2209              		.section	.gnu.lto_.refs.8a1b2604,"e",%progbits
 2210 0000 789CE360 		.ascii	"x\234\343``\004B \000\000\000]\000\013"
 2210      60044220 
 2210      0000005D 
 2210      000B
 2211              		.text
 2212              		.section	.gnu.lto_.decls.8a1b2604,"e",%progbits
 2213 0000 789CE360 		.ascii	"x\234\343``d\000\001\020\251\002\304\377\201\000\304"
 2213      60640001 
 2213      10A902C4 
 2213      FF8100C4 
 2214 0010 BEC84000 		.ascii	"\276\310@\000\000\000\3015\004\375"
 2214      0000C135 
 2214      04FD
 2215              		.text
 2216              		.section	.gnu.lto_.symtab.8a1b2604,"e",%progbits
 2217              		.text
 2218              		.section	.gnu.lto_.opts,"e",%progbits
 2219 0000 272D666E 		.ascii	"'-fno-openmp' '-fno-openacc' '-fno-pie' '-mcpu=cort"
 2219      6F2D6F70 
ARM GAS  C:\Users\baciu\AppData\Local\Temp\cckAnDUp.s 			page 48


 2219      656E6D70 
 2219      2720272D 
 2219      666E6F2D 
 2220 0033 65782D6D 		.ascii	"ex-m4' '-mthumb' '-mfloat-abi=soft' '-march=armv7e-"
 2220      34272027 
 2220      2D6D7468 
 2220      756D6227 
 2220      20272D6D 
 2221 0066 6D272027 		.ascii	"m' '-O2' '-fomit-frame-pointer' '-falign-functions="
 2221      2D4F3227 
 2221      20272D66 
 2221      6F6D6974 
 2221      2D667261 
 2222 0099 31362720 		.ascii	"16' '-ffunction-sections' '-fdata-sections' '-fno-c"
 2222      272D6666 
 2222      756E6374 
 2222      696F6E2D 
 2222      73656374 
 2223 00cc 6F6D6D6F 		.ascii	"ommon' '-flto'\000"
 2223      6E272027 
 2223      2D666C74 
 2223      6F2700
 2224              		.text
 2225              		.comm	__gnu_lto_v1,1,1
 2226              		.comm	__gnu_lto_slim,1,1
 2227              		.ident	"GCC: (GNU Tools for Arm Embedded Processors 9-2019-q4-major) 9.2.1 20191025 (release) [ARM
ARM GAS  C:\Users\baciu\AppData\Local\Temp\cckAnDUp.s 			page 49


DEFINED SYMBOLS
                            *ABS*:00000000 chcore.c
C:\Users\baciu\AppData\Local\Temp\cckAnDUp.s:35     .gnu.debuglto_.debug_info:00000000 chcore.c.d5796781
                            *COM*:00000001 __gnu_lto_v1
                            *COM*:00000001 __gnu_lto_slim

NO UNDEFINED SYMBOLS
